
> shlokam-hms@0.1.0 build
> next build

  ▲ Next.js 14.2.28

   Creating an optimized production build ...
 ✓ Compiled successfully
   Linting and checking validity of types ...

Failed to compile.

./src/app/api/billing/categories/route.ts
2:10  Warning: 'NextRequest' is defined but never used.  @typescript-eslint/no-unused-vars

./src/app/api/billing/invoices/route.ts
109:19  Warning: Unexpected any. Specify a different type.  @typescript-eslint/no-explicit-any
150:44  Warning: Unexpected any. Specify a different type.  @typescript-eslint/no-explicit-any
209:19  Warning: Unexpected any. Specify a different type.  @typescript-eslint/no-explicit-any
245:19  Warning: Unexpected any. Specify a different type.  @typescript-eslint/no-explicit-any

./src/app/api/cloudflare-fix/route.ts
24:32  Warning: 'request' is defined but never used. Allowed unused args must match /^_/u.  @typescript-eslint/no-unused-vars
51:89  Error: Unnecessary escape character: \'.  no-useless-escape
51:96  Error: Unnecessary escape character: \'.  no-useless-escape

./src/app/api/dashboard/ipd-stats/route.ts
2:10  Warning: 'NextRequest' is defined but never used.  @typescript-eslint/no-unused-vars

./src/app/api/er/visits/route.ts
73:11  Warning: 'ERVisitUpdateInput' is defined but never used.  @typescript-eslint/no-unused-vars

./src/app/api/insurance/claims/route.ts
71:11  Warning: 'InsuranceClaimUpdateInput' is defined but never used.  @typescript-eslint/no-unused-vars

./src/app/api/insurance/policies/route.ts
37:7  Warning: 'mockProviders' is assigned a value but never used.  @typescript-eslint/no-unused-vars
105:11  Warning: 'InsurancePolicyUpdateInput' is defined but never used.  @typescript-eslint/no-unused-vars

./src/app/api/insurance/pre-authorizations/route.ts
67:11  Warning: 'PreAuthorizationUpdateInput' is defined but never used.  @typescript-eslint/no-unused-vars

./src/app/api/insurance/providers/route.ts
79:16  Warning: 'updateInsuranceProviderInDB' is defined but never used.  @typescript-eslint/no-unused-vars

./src/app/api/laboratory/orders/route.ts
94:16  Warning: 'test' is assigned a value but never used.  @typescript-eslint/no-unused-vars

./src/app/api/laboratory/results/route.ts
51:11  Warning: 'TestParameter' is defined but never used.  @typescript-eslint/no-unused-vars
57:11  Warning: 'LabTest' is defined but never used.  @typescript-eslint/no-unused-vars
93:19  Warning: Unexpected any. Specify a different type.  @typescript-eslint/no-explicit-any
163:21  Warning: Unexpected any. Specify a different type.  @typescript-eslint/no-explicit-any
245:53  Warning: Unexpected any. Specify a different type.  @typescript-eslint/no-explicit-any
250:130  Warning: Unexpected any. Specify a different type.  @typescript-eslint/no-explicit-any
267:83  Warning: Unexpected any. Specify a different type.  @typescript-eslint/no-explicit-any

./src/app/api/laboratory/samples/route.ts
67:19  Warning: Unexpected any. Specify a different type.  @typescript-eslint/no-explicit-any
126:21  Warning: Unexpected any. Specify a different type.  @typescript-eslint/no-explicit-any

./src/app/api/laboratory/tests/route.ts
35:19  Warning: Unexpected any. Specify a different type.  @typescript-eslint/no-explicit-any

./src/app/api/opd/appointments/route.ts
29:47  Warning: Unexpected any. Specify a different type.  @typescript-eslint/no-explicit-any

./src/app/api/ot/bookings/[id]/checklist-responses/route.ts
10:31  Warning: Unexpected any. Specify a different type.  @typescript-eslint/no-explicit-any

./src/app/api/ot/bookings/[id]/record/route.ts
15:21  Warning: Unexpected any. Specify a different type.  @typescript-eslint/no-explicit-any
16:27  Warning: Unexpected any. Specify a different type.  @typescript-eslint/no-explicit-any
126:48  Warning: Unexpected any. Specify a different type.  @typescript-eslint/no-explicit-any

./src/app/api/ot/bookings/[id]/route.ts
44:19  Warning: Unexpected any. Specify a different type.  @typescript-eslint/no-explicit-any
102:19  Warning: Unexpected any. Specify a different type.  @typescript-eslint/no-explicit-any
117:11  Warning: 'now' is assigned a value but never used.  @typescript-eslint/no-unused-vars
129:19  Warning: Unexpected any. Specify a different type.  @typescript-eslint/no-explicit-any

./src/app/api/ot/bookings/[id]/staff/route.ts
133:11  Warning: 'info' is assigned a value but never used.  @typescript-eslint/no-unused-vars

./src/app/api/ot/bookings/route.ts
170:19  Warning: Unexpected any. Specify a different type.  @typescript-eslint/no-explicit-any

./src/app/api/ot/checklist-templates/[id]/route.ts
76:44  Warning: Unexpected any. Specify a different type.  @typescript-eslint/no-explicit-any
131:19  Warning: Unexpected any. Specify a different type.  @typescript-eslint/no-explicit-any
160:19  Warning: Unexpected any. Specify a different type.  @typescript-eslint/no-explicit-any

./src/app/api/ot/checklist-templates/route.ts
98:19  Warning: Unexpected any. Specify a different type.  @typescript-eslint/no-explicit-any

./src/app/api/ot/surgery-types/[id]/route.ts
79:44  Warning: Unexpected any. Specify a different type.  @typescript-eslint/no-explicit-any
127:19  Warning: Unexpected any. Specify a different type.  @typescript-eslint/no-explicit-any
156:19  Warning: Unexpected any. Specify a different type.  @typescript-eslint/no-explicit-any

./src/app/api/ot/surgery-types/route.ts
105:19  Warning: Unexpected any. Specify a different type.  @typescript-eslint/no-explicit-any

./src/app/api/ot/theatres/[id]/route.ts
58:44  Warning: Unexpected any. Specify a different type.  @typescript-eslint/no-explicit-any
92:19  Warning: Unexpected any. Specify a different type.  @typescript-eslint/no-explicit-any
121:19  Warning: Unexpected any. Specify a different type.  @typescript-eslint/no-explicit-any

./src/app/api/ot/theatres/route.ts
74:19  Warning: Unexpected any. Specify a different type.  @typescript-eslint/no-explicit-any

./src/app/api/patients/route.ts
4:16  Warning: 'uuidv4' is defined but never used.  @typescript-eslint/no-unused-vars

./src/app/api/pharmacy/dispensing/route.ts
22:11  Warning: 'DispensingRecordResult' is defined but never used.  @typescript-eslint/no-unused-vars

./src/app/api/pharmacy/inventory/route.ts
6:46  Warning: Unexpected any. Specify a different type.  @typescript-eslint/no-explicit-any
258:61  Warning: Unexpected any. Specify a different type.  @typescript-eslint/no-explicit-any

./src/app/api/pharmacy/medications/route.ts
6:11  Warning: 'Medication' is defined but never used.  @typescript-eslint/no-unused-vars

./src/app/api/radiology/modalities/route.ts
27:15  Warning: Unexpected any. Specify a different type.  @typescript-eslint/no-explicit-any
70:15  Warning: Unexpected any. Specify a different type.  @typescript-eslint/no-explicit-any

./src/app/api/radiology/orders/[id]/route.ts
35:15  Warning: Unexpected any. Specify a different type.  @typescript-eslint/no-explicit-any
59:44  Warning: Unexpected any. Specify a different type.  @typescript-eslint/no-explicit-any
92:15  Warning: Unexpected any. Specify a different type.  @typescript-eslint/no-explicit-any
135:15  Warning: Unexpected any. Specify a different type.  @typescript-eslint/no-explicit-any

./src/app/api/radiology/orders/route.ts
194:16  Warning: 'getRadiologyOrderByIdFromDB' is defined but never used.  @typescript-eslint/no-unused-vars

./src/app/api/radiology/procedure-types/route.ts
28:15  Warning: Unexpected any. Specify a different type.  @typescript-eslint/no-explicit-any
71:15  Warning: Unexpected any. Specify a different type.  @typescript-eslint/no-explicit-any

./src/app/api/radiology/reports/[id]/route.ts
3:22  Warning: 'Session' is defined but never used.  @typescript-eslint/no-unused-vars
4:10  Warning: 'checkUserRole' is defined but never used.  @typescript-eslint/no-unused-vars
9:19  Warning: Unexpected any. Specify a different type.  @typescript-eslint/no-explicit-any
11:13  Warning: Unexpected any. Specify a different type.  @typescript-eslint/no-explicit-any
12:15  Warning: Unexpected any. Specify a different type.  @typescript-eslint/no-explicit-any
15:11  Warning: Unexpected any. Specify a different type.  @typescript-eslint/no-explicit-any
16:13  Warning: Unexpected any. Specify a different type.  @typescript-eslint/no-explicit-any
166:44  Warning: Unexpected any. Specify a different type.  @typescript-eslint/no-explicit-any
196:11  Warning: 'info' is assigned a value but never used.  @typescript-eslint/no-unused-vars

./src/app/api/radiology/reports/route.ts
5:22  Warning: 'Session' is defined but never used.  @typescript-eslint/no-unused-vars
6:10  Warning: 'checkUserRole' is defined but never used.  @typescript-eslint/no-unused-vars
11:19  Warning: Unexpected any. Specify a different type.  @typescript-eslint/no-explicit-any
13:13  Warning: Unexpected any. Specify a different type.  @typescript-eslint/no-explicit-any
14:15  Warning: Unexpected any. Specify a different type.  @typescript-eslint/no-explicit-any
17:11  Warning: Unexpected any. Specify a different type.  @typescript-eslint/no-explicit-any
18:13  Warning: Unexpected any. Specify a different type.  @typescript-eslint/no-explicit-any

./src/app/api/radiology/studies/[id]/route.ts
3:22  Warning: 'Session' is defined but never used.  @typescript-eslint/no-unused-vars
4:10  Warning: 'checkUserRole' is defined but never used.  @typescript-eslint/no-unused-vars
8:19  Warning: Unexpected any. Specify a different type.  @typescript-eslint/no-explicit-any
10:13  Warning: Unexpected any. Specify a different type.  @typescript-eslint/no-explicit-any
11:15  Warning: Unexpected any. Specify a different type.  @typescript-eslint/no-explicit-any
14:11  Warning: Unexpected any. Specify a different type.  @typescript-eslint/no-explicit-any
15:13  Warning: Unexpected any. Specify a different type.  @typescript-eslint/no-explicit-any
137:44  Warning: Unexpected any. Specify a different type.  @typescript-eslint/no-explicit-any

./src/app/api/radiology/studies/route.ts
5:22  Warning: 'Session' is defined but never used.  @typescript-eslint/no-unused-vars
6:10  Warning: 'checkUserRole' is defined but never used.  @typescript-eslint/no-unused-vars
11:19  Warning: Unexpected any. Specify a different type.  @typescript-eslint/no-explicit-any
13:13  Warning: Unexpected any. Specify a different type.  @typescript-eslint/no-explicit-any
14:15  Warning: Unexpected any. Specify a different type.  @typescript-eslint/no-explicit-any
17:11  Warning: Unexpected any. Specify a different type.  @typescript-eslint/no-explicit-any
18:13  Warning: Unexpected any. Specify a different type.  @typescript-eslint/no-explicit-any

./src/app/dashboard/billing/create-invoice/page.tsx
24:3  Warning: 'Select' is defined but never used.  @typescript-eslint/no-unused-vars
25:3  Warning: 'SelectContent' is defined but never used.  @typescript-eslint/no-unused-vars
26:3  Warning: 'SelectItem' is defined but never used.  @typescript-eslint/no-unused-vars
27:3  Warning: 'SelectTrigger' is defined but never used.  @typescript-eslint/no-unused-vars
28:3  Warning: 'SelectValue' is defined but never used.  @typescript-eslint/no-unused-vars
43:10  Warning: 'Skeleton' is defined but never used.  @typescript-eslint/no-unused-vars
252:18  Warning: 'jsonError' is defined but never used.  @typescript-eslint/no-unused-vars
322:126  Error: `"` can be escaped with `&quot;`, `&ldquo;`, `&#34;`, `&rdquo;`.  react/no-unescaped-entities
322:146  Error: `"` can be escaped with `&quot;`, `&ldquo;`, `&#34;`, `&rdquo;`.  react/no-unescaped-entities
388:140  Error: `"` can be escaped with `&quot;`, `&ldquo;`, `&#34;`, `&rdquo;`.  react/no-unescaped-entities
388:160  Error: `"` can be escaped with `&quot;`, `&ldquo;`, `&#34;`, `&rdquo;`.  react/no-unescaped-entities

./src/app/dashboard/billing/service-items/page.tsx
260:18  Warning: 'jsonError' is defined but never used.  @typescript-eslint/no-unused-vars

./src/app/dashboard/layout.tsx
5:8  Warning: 'Image' is defined but never used.  @typescript-eslint/no-unused-vars
8:3  Warning: 'Card' is defined but never used.  @typescript-eslint/no-unused-vars
9:3  Warning: 'CardContent' is defined but never used.  @typescript-eslint/no-unused-vars
10:3  Warning: 'CardHeader' is defined but never used.  @typescript-eslint/no-unused-vars
11:3  Warning: 'CardTitle' is defined but never used.  @typescript-eslint/no-unused-vars
14:10  Warning: 'Input' is defined but never used.  @typescript-eslint/no-unused-vars
15:10  Warning: 'Label' is defined but never used.  @typescript-eslint/no-unused-vars
16:10  Warning: 'Tabs' is defined but never used.  @typescript-eslint/no-unused-vars
16:16  Warning: 'TabsContent' is defined but never used.  @typescript-eslint/no-unused-vars
16:29  Warning: 'TabsList' is defined but never used.  @typescript-eslint/no-unused-vars
16:39  Warning: 'TabsTrigger' is defined but never used.  @typescript-eslint/no-unused-vars
18:10  Warning: 'Skeleton' is defined but never used.  @typescript-eslint/no-unused-vars
111:6  Warning: React Hook useEffect has a missing dependency: 'handleLogout'. Either include it or remove the dependency array.  react-hooks/exhaustive-deps
122:13  Warning: 'response' is assigned a value but never used.  @typescript-eslint/no-unused-vars

./src/app/dashboard/ot/page.tsx
3:27  Warning: 'useEffect' is defined but never used.  @typescript-eslint/no-unused-vars
5:10  Warning: 'Card' is defined but never used.  @typescript-eslint/no-unused-vars
5:16  Warning: 'CardContent' is defined but never used.  @typescript-eslint/no-unused-vars
5:29  Warning: 'CardDescription' is defined but never used.  @typescript-eslint/no-unused-vars
5:46  Warning: 'CardHeader' is defined but never used.  @typescript-eslint/no-unused-vars
5:58  Warning: 'CardTitle' is defined but never used.  @typescript-eslint/no-unused-vars
23:47  Warning: Unexpected any. Specify a different type.  @typescript-eslint/no-explicit-any

./src/app/dashboard/page.tsx
261:33  Error: `'` can be escaped with `&apos;`, `&lsquo;`, `&#39;`, `&rsquo;`.  react/no-unescaped-entities

./src/app/ipd/page.tsx
42:64  Warning: 'patientId' is defined but never used. Allowed unused args must match /^_/u.  @typescript-eslint/no-unused-vars

./src/app/layout.tsx
5:8  Warning: 'Image' is defined but never used.  @typescript-eslint/no-unused-vars
8:3  Warning: 'Card' is defined but never used.  @typescript-eslint/no-unused-vars
9:3  Warning: 'CardContent' is defined but never used.  @typescript-eslint/no-unused-vars
10:3  Warning: 'CardHeader' is defined but never used.  @typescript-eslint/no-unused-vars
11:3  Warning: 'CardTitle' is defined but never used.  @typescript-eslint/no-unused-vars
13:10  Warning: 'Button' is defined but never used.  @typescript-eslint/no-unused-vars
14:10  Warning: 'Input' is defined but never used.  @typescript-eslint/no-unused-vars
15:10  Warning: 'Label' is defined but never used.  @typescript-eslint/no-unused-vars
16:10  Warning: 'Tabs' is defined but never used.  @typescript-eslint/no-unused-vars
16:16  Warning: 'TabsContent' is defined but never used.  @typescript-eslint/no-unused-vars
16:29  Warning: 'TabsList' is defined but never used.  @typescript-eslint/no-unused-vars
16:39  Warning: 'TabsTrigger' is defined but never used.  @typescript-eslint/no-unused-vars
19:8  Warning: 'Logo' is defined but never used.  @typescript-eslint/no-unused-vars
49:10  Warning: 'userName' is assigned a value but never used.  @typescript-eslint/no-unused-vars
50:10  Warning: 'userRole' is assigned a value but never used.  @typescript-eslint/no-unused-vars
51:10  Warning: 'isLoadingUser' is assigned a value but never used.  @typescript-eslint/no-unused-vars
99:9  Warning: 'toggleDarkMode' is assigned a value but never used.  @typescript-eslint/no-unused-vars

./src/app/login/page.tsx
5:8  Warning: 'Image' is defined but never used.  @typescript-eslint/no-unused-vars
60:16  Warning: 'jsonError' is defined but never used.  @typescript-eslint/no-unused-vars

./src/app/opd/page.tsx
151:33  Error: `'` can be escaped with `&apos;`, `&lsquo;`, `&#39;`, `&rsquo;`.  react/no-unescaped-entities

./src/app/pharmacy/medications/page.tsx
87:20  Warning: 'parseError' is defined but never used.  @typescript-eslint/no-unused-vars
277:17  Error: Missing "key" prop for element in iterator  react/jsx-key
282:23  Error: Missing "key" prop for element in iterator  react/jsx-key
304:21  Error: Missing "key" prop for element in iterator  react/jsx-key
307:27  Error: Missing "key" prop for element in iterator  react/jsx-key

./src/components/billing/BillingPharmacyIntegration.tsx
33:9  Warning: 'router' is assigned a value but never used.  @typescript-eslint/no-unused-vars

./src/components/er/ERCriticalAlerts.tsx
4:20  Warning: 'useEffect' is defined but never used.  @typescript-eslint/no-unused-vars
83:14  Warning: 'error' is defined but never used.  @typescript-eslint/no-unused-vars
83:21  Warning: Unexpected any. Specify a different type.  @typescript-eslint/no-explicit-any
101:14  Warning: 'error' is defined but never used.  @typescript-eslint/no-unused-vars
101:21  Warning: Unexpected any. Specify a different type.  @typescript-eslint/no-explicit-any

./src/components/er/ERLabOrderModal.tsx
139:25  Warning: Unexpected any. Specify a different type.  @typescript-eslint/no-explicit-any
142:16  Warning: 'jsonError' is defined but never used.  @typescript-eslint/no-unused-vars

./src/components/er/ERPatientAdmitModal.tsx
128:34  Warning: Unexpected any. Specify a different type.  @typescript-eslint/no-explicit-any
131:16  Warning: 'jsonError' is defined but never used.  @typescript-eslint/no-unused-vars
161:30  Warning: Unexpected any. Specify a different type.  @typescript-eslint/no-explicit-any
164:16  Warning: 'jsonError' is defined but never used.  @typescript-eslint/no-unused-vars

./src/components/er/ERPatientTrackingBoard.tsx
71:12  Warning: 'e' is defined but never used.  @typescript-eslint/no-unused-vars

./src/components/er/ERRadiologyOrderModal.tsx
117:18  Warning: 'jsonError' is defined but never used.  @typescript-eslint/no-unused-vars
143:21  Warning: Unexpected any. Specify a different type.  @typescript-eslint/no-explicit-any

./src/components/er/ERRegistrationModal.tsx
62:11  Warning: 'PatientResponse' is defined but never used.  @typescript-eslint/no-unused-vars
129:14  Warning: 'error' is defined but never used.  @typescript-eslint/no-unused-vars
185:18  Warning: 'jsonError' is defined but never used.  @typescript-eslint/no-unused-vars

./src/components/er/ERTriageForm.tsx
110:18  Warning: 'jsonError' is defined but never used.  @typescript-eslint/no-unused-vars

./src/components/ipd/AdmissionForm.tsx
142:18  Warning: 'jsonError' is defined but never used.  @typescript-eslint/no-unused-vars

./src/components/ipd/BedManagementDashboard.tsx
4:38  Warning: 'ChangeEvent' is defined but never used.  @typescript-eslint/no-unused-vars
82:20  Warning: 'jsonError' is defined but never used.  @typescript-eslint/no-unused-vars

./src/components/ipd/DischargeSummary.tsx
162:13  Warning: 'submissionData' is assigned a value but never used.  @typescript-eslint/no-unused-vars
221:14  Warning: 'e' is defined but never used.  @typescript-eslint/no-unused-vars

./src/components/ipd/IPDPatientList.tsx
11:3  Warning: 'Badge' is defined but never used.  @typescript-eslint/no-unused-vars

./src/components/ipd/IPDPharmacyIntegration.tsx
52:9  Warning: 'router' is assigned a value but never used.  @typescript-eslint/no-unused-vars
208:14  Warning: 'e' is defined but never used.  @typescript-eslint/no-unused-vars

./src/components/ipd/MedicationAdministration.tsx
19:3  Warning: 'Textarea' is defined but never used.  @typescript-eslint/no-unused-vars
274:14  Warning: 'e' is defined but never used.  @typescript-eslint/no-unused-vars

./src/components/ipd/NursingNotes.tsx
13:3  Warning: 'TableHeader' is defined but never used.  @typescript-eslint/no-unused-vars
15:3  Warning: 'TableHead' is defined but never used.  @typescript-eslint/no-unused-vars
18:3  Warning: 'Badge' is defined but never used.  @typescript-eslint/no-unused-vars
182:9  Warning: 'parsedVitalSigns' is assigned a value but never used.  @typescript-eslint/no-unused-vars
183:16  Warning: 'err' is defined but never used.  @typescript-eslint/no-unused-vars
187:9  Warning: 'parsedIntakeOutput' is assigned a value but never used.  @typescript-eslint/no-unused-vars
188:16  Warning: 'err' is defined but never used.  @typescript-eslint/no-unused-vars
269:14  Warning: 'e' is defined but never used.  @typescript-eslint/no-unused-vars

./src/components/ipd/PatientProgressNotes.tsx
53:11  Warning: 'ApiErrorResponse' is defined but never used.  @typescript-eslint/no-unused-vars
58:11  Error: An interface declaring no members is equivalent to its supertype.  @typescript-eslint/no-empty-object-type
285:14  Warning: 'e' is defined but never used.  @typescript-eslint/no-unused-vars

./src/components/ipd/VitalSigns.tsx
60:11  Warning: 'ApiErrorResponse' is defined but never used.  @typescript-eslint/no-unused-vars
65:11  Error: An interface declaring no members is equivalent to its supertype.  @typescript-eslint/no-empty-object-type
263:14  Warning: 'e' is defined but never used.  @typescript-eslint/no-unused-vars

./src/components/laboratory/OrderManagement.tsx
2:31  Warning: 'Input' is defined but never used.  @typescript-eslint/no-unused-vars
2:68  Warning: 'Form' is defined but never used.  @typescript-eslint/no-unused-vars
3:15  Warning: 'DatePickerProps' is defined but never used.  @typescript-eslint/no-unused-vars
4:10  Warning: 'PlusOutlined' is defined but never used.  @typescript-eslint/no-unused-vars
4:24  Warning: 'SearchOutlined' is defined but never used.  @typescript-eslint/no-unused-vars
84:10  Warning: 'tests' is assigned a value but never used.  @typescript-eslint/no-unused-vars
100:18  Warning: 'jsonError' is defined but never used.  @typescript-eslint/no-unused-vars
128:18  Warning: 'jsonError' is defined but never used.  @typescript-eslint/no-unused-vars
179:18  Warning: 'jsonError' is defined but never used.  @typescript-eslint/no-unused-vars
206:18  Warning: 'jsonError' is defined but never used.  @typescript-eslint/no-unused-vars
213:13  Warning: 'messageText' is assigned a value but never used.  @typescript-eslint/no-unused-vars
231:6  Warning: React Hook useEffect has a missing dependency: 'fetchOrders'. Either include it or remove the dependency array.  react-hooks/exhaustive-deps
234:62  Warning: Unexpected any. Specify a different type.  @typescript-eslint/no-explicit-any
324:19  Warning: Unexpected any. Specify a different type.  @typescript-eslint/no-explicit-any
375:51  Warning: Unexpected any. Specify a different type.  @typescript-eslint/no-explicit-any

./src/components/laboratory/ResultManagement.tsx
3:55  Warning: 'CloseOutlined' is defined but never used.  @typescript-eslint/no-unused-vars
4:8  Warning: 'dayjs' is defined but never used.  @typescript-eslint/no-unused-vars
5:15  Warning: 'Dayjs' is defined but never used.  @typescript-eslint/no-unused-vars
8:9  Warning: 'TabPane' is assigned a value but never used.  @typescript-eslint/no-unused-vars
97:10  Warning: 'orderItems' is assigned a value but never used.  @typescript-eslint/no-unused-vars
121:18  Warning: 'jsonError' is defined but never used.  @typescript-eslint/no-unused-vars
158:18  Warning: 'jsonError' is defined but never used.  @typescript-eslint/no-unused-vars
172:9  Warning: 'fetchOrderItems' is assigned a value but never used.  @typescript-eslint/no-unused-vars
180:18  Warning: 'jsonError' is defined but never used.  @typescript-eslint/no-unused-vars
202:18  Warning: 'jsonError' is defined but never used.  @typescript-eslint/no-unused-vars
219:6  Warning: React Hook useEffect has a missing dependency: 'fetchResults'. Either include it or remove the dependency array.  react-hooks/exhaustive-deps
224:6  Warning: React Hook useEffect has a missing dependency: 'fetchResults'. Either include it or remove the dependency array.  react-hooks/exhaustive-deps
247:18  Warning: 'jsonError' is defined but never used.  @typescript-eslint/no-unused-vars
283:18  Warning: 'jsonError' is defined but never used.  @typescript-eslint/no-unused-vars
318:18  Warning: 'jsonError' is defined but never used.  @typescript-eslint/no-unused-vars
332:9  Warning: 'showResultEntryModal' is assigned a value but never used.  @typescript-eslint/no-unused-vars
388:19  Warning: Unexpected any. Specify a different type.  @typescript-eslint/no-explicit-any
397:19  Warning: Unexpected any. Specify a different type.  @typescript-eslint/no-explicit-any
418:19  Warning: Unexpected any. Specify a different type.  @typescript-eslint/no-explicit-any

./src/components/laboratory/SampleManagement.tsx
12:3  Warning: 'Upload' is defined but never used.  @typescript-eslint/no-unused-vars
16:10  Warning: 'PlusOutlined' is defined but never used.  @typescript-eslint/no-unused-vars
19:15  Warning: 'FormInstance' is defined but never used.  @typescript-eslint/no-unused-vars
116:6  Warning: React Hook useEffect has a missing dependency: 'fetchSamples'. Either include it or remove the dependency array.  react-hooks/exhaustive-deps
129:37  Warning: 'values' is defined but never used. Allowed unused args must match /^_/u.  @typescript-eslint/no-unused-vars

./src/components/laboratory/TestCatalogManagement.tsx
5:42  Warning: 'SortOrder' is defined but never used.  @typescript-eslint/no-unused-vars
92:18  Warning: 'jsonError' is defined but never used.  @typescript-eslint/no-unused-vars
137:18  Warning: 'jsonError' is defined but never used.  @typescript-eslint/no-unused-vars
246:18  Warning: 'jsonError' is defined but never used.  @typescript-eslint/no-unused-vars

./src/components/opd/OPDAppointmentList.tsx
112:20  Warning: 'jsonError' is defined but never used.  @typescript-eslint/no-unused-vars
150:18  Warning: 'jsonError' is defined but never used.  @typescript-eslint/no-unused-vars
180:18  Warning: 'jsonError' is defined but never used.  @typescript-eslint/no-unused-vars

./src/components/opd/OPDConsultationForm.tsx
163:20  Warning: 'jsonError' is defined but never used.  @typescript-eslint/no-unused-vars
176:15  Warning: 'messageText' is assigned a value but never used.  @typescript-eslint/no-unused-vars
212:18  Warning: 'jsonError' is defined but never used.  @typescript-eslint/no-unused-vars
221:13  Warning: 'messageText' is assigned a value but never used.  @typescript-eslint/no-unused-vars
260:18  Warning: 'jsonError' is defined but never used.  @typescript-eslint/no-unused-vars
276:13  Warning: 'messageText' is assigned a value but never used.  @typescript-eslint/no-unused-vars

./src/components/opd/OPDPatientQueue.tsx
5:8  Warning: 'Image' is defined but never used.  @typescript-eslint/no-unused-vars
103:20  Warning: 'jsonError' is defined but never used.  @typescript-eslint/no-unused-vars
144:18  Warning: 'jsonError' is defined but never used.  @typescript-eslint/no-unused-vars
174:18  Warning: 'jsonError' is defined but never used.  @typescript-eslint/no-unused-vars

./src/components/opd/OPDPharmacyIntegration.tsx
65:9  Warning: 'router' is assigned a value but never used.  @typescript-eslint/no-unused-vars
174:6  Warning: React Hook useEffect has a missing dependency: 'formData.patient_id'. Either include it or remove the dependency array.  react-hooks/exhaustive-deps
199:28  Warning: Unexpected any. Specify a different type.  @typescript-eslint/no-explicit-any

./src/components/opd/OPDStatistics.tsx
6:10  Warning: 'Card' is defined but never used.  @typescript-eslint/no-unused-vars
6:16  Warning: 'CardContent' is defined but never used.  @typescript-eslint/no-unused-vars
6:29  Warning: 'CardHeader' is defined but never used.  @typescript-eslint/no-unused-vars
6:41  Warning: 'CardTitle' is defined but never used.  @typescript-eslint/no-unused-vars
52:20  Warning: 'jsonError' is defined but never used.  @typescript-eslint/no-unused-vars

./src/components/ot/OTBillingItems.tsx
28:6  Warning: 'BillingItemsApiResponse' is defined but never used.  @typescript-eslint/no-unused-vars
33:11  Warning: 'ApiErrorResponse' is defined but never used.  @typescript-eslint/no-unused-vars

./src/components/ot/OTBookingList.tsx
110:21  Warning: Unexpected any. Specify a different type.  @typescript-eslint/no-explicit-any

./src/components/ot/OTBookingModal.tsx
15:13  Warning: Unexpected any. Specify a different type.  @typescript-eslint/no-explicit-any
16:25  Warning: Unexpected any. Specify a different type.  @typescript-eslint/no-explicit-any
133:21  Warning: Unexpected any. Specify a different type.  @typescript-eslint/no-explicit-any

./src/components/ot/OTChecklistTemplateList.tsx
8:24  Warning: 'ListChecks' is defined but never used.  @typescript-eslint/no-unused-vars
88:21  Warning: Unexpected any. Specify a different type.  @typescript-eslint/no-explicit-any

./src/components/ot/OTChecklistTemplateModal.tsx
9:10  Warning: 'Textarea' is defined but never used.  @typescript-eslint/no-unused-vars
16:14  Warning: Unexpected any. Specify a different type.  @typescript-eslint/no-explicit-any
17:26  Warning: Unexpected any. Specify a different type.  @typescript-eslint/no-explicit-any
116:21  Warning: Unexpected any. Specify a different type.  @typescript-eslint/no-explicit-any

./src/components/ot/OTDashboardStats.tsx
6:27  Warning: 'Users' is defined but never used.  @typescript-eslint/no-unused-vars
72:61  Error: `'` can be escaped with `&apos;`, `&lsquo;`, `&#39;`, `&rsquo;`.  react/no-unescaped-entities
123:60  Error: `'` can be escaped with `&apos;`, `&lsquo;`, `&#39;`, `&rsquo;`.  react/no-unescaped-entities

./src/components/ot/OTPatientSurgeries.tsx
8:20  Warning: 'Clock' is defined but never used.  @typescript-eslint/no-unused-vars
8:27  Warning: 'User' is defined but never used.  @typescript-eslint/no-unused-vars
8:33  Warning: 'FileText' is defined but never used.  @typescript-eslint/no-unused-vars

./src/components/ot/OTRecordModal.tsx
18:20  Warning: Unexpected any. Specify a different type.  @typescript-eslint/no-explicit-any
19:24  Warning: Unexpected any. Specify a different type.  @typescript-eslint/no-explicit-any
143:21  Warning: Unexpected any. Specify a different type.  @typescript-eslint/no-explicit-any

./src/components/ot/OTStaffAssignment.tsx
11:37  Warning: 'Search' is defined but never used.  @typescript-eslint/no-unused-vars
45:26  Warning: 'setAvailableUsers' is assigned a value but never used.  @typescript-eslint/no-unused-vars
75:19  Warning: Unexpected any. Specify a different type.  @typescript-eslint/no-explicit-any
79:6  Warning: React Hook useCallback has an unnecessary dependency: 'bookingId'. Either exclude it or remove the dependency array.  react-hooks/exhaustive-deps
98:13  Warning: 'assignmentData' is assigned a value but never used.  @typescript-eslint/no-unused-vars
129:21  Warning: Unexpected any. Specify a different type.  @typescript-eslint/no-explicit-any
154:21  Warning: Unexpected any. Specify a different type.  @typescript-eslint/no-explicit-any

./src/components/ot/OTSurgeryTypeList.tsx
77:21  Warning: Unexpected any. Specify a different type.  @typescript-eslint/no-explicit-any

./src/components/ot/OTSurgeryTypeModal.tsx
14:17  Warning: Unexpected any. Specify a different type.  @typescript-eslint/no-explicit-any
15:29  Warning: Unexpected any. Specify a different type.  @typescript-eslint/no-explicit-any
109:21  Warning: Unexpected any. Specify a different type.  @typescript-eslint/no-explicit-any

./src/components/ot/OTTheatreList.tsx
78:21  Warning: Unexpected any. Specify a different type.  @typescript-eslint/no-explicit-any

./src/components/ot/OTTheatreModal.tsx
15:13  Warning: Unexpected any. Specify a different type.  @typescript-eslint/no-explicit-any
16:25  Warning: Unexpected any. Specify a different type.  @typescript-eslint/no-explicit-any
86:21  Warning: Unexpected any. Specify a different type.  @typescript-eslint/no-explicit-any

./src/components/pharmacy/BillingPharmacyIntegration.tsx
54:9  Warning: 'router' is assigned a value but never used.  @typescript-eslint/no-unused-vars
162:18  Warning: 'jsonError' is defined but never used.  @typescript-eslint/no-unused-vars

./src/components/pharmacy/IPDPharmacyIntegration.tsx
52:9  Warning: 'router' is assigned a value but never used.  @typescript-eslint/no-unused-vars
208:14  Warning: 'e' is defined but never used.  @typescript-eslint/no-unused-vars

./src/components/pharmacy/OPDPharmacyIntegration.tsx
66:9  Warning: 'router' is assigned a value but never used.  @typescript-eslint/no-unused-vars
185:32  Warning: Unexpected any. Specify a different type.  @typescript-eslint/no-explicit-any

./src/components/radiology/CreateModalityModal.tsx
26:47  Warning: 'isOpen' is defined but never used. Allowed unused args must match /^_/u.  @typescript-eslint/no-unused-vars

./src/components/radiology/CreateRadiologyOrderModal.tsx
6:10  Warning: 'Input' is defined but never used.  @typescript-eslint/no-unused-vars

./src/components/radiology/RadiologyOrderDetail.tsx
8:30  Warning: 'Edit' is defined but never used.  @typescript-eslint/no-unused-vars
8:54  Warning: 'Eye' is defined but never used.  @typescript-eslint/no-unused-vars
49:6  Warning: React Hook useEffect has a missing dependency: 'fetchOrderDetails'. Either include it or remove the dependency array.  react-hooks/exhaustive-deps

./src/components/radiology/RadiologyOrderList.tsx
79:18  Warning: 'jsonError' is defined but never used.  @typescript-eslint/no-unused-vars

./src/components/radiology/RadiologyReportDetail.tsx
59:10  Warning: 'showEditModal' is assigned a value but never used.  @typescript-eslint/no-unused-vars
65:6  Warning: React Hook useEffect has a missing dependency: 'fetchReportDetails'. Either include it or remove the dependency array.  react-hooks/exhaustive-deps
151:9  Warning: 'handleUpdateReport' is assigned a value but never used.  @typescript-eslint/no-unused-vars

./src/components/radiology/RadiologySettings.tsx
54:18  Warning: 'jsonError' is defined but never used.  @typescript-eslint/no-unused-vars
79:18  Warning: 'jsonError' is defined but never used.  @typescript-eslint/no-unused-vars
109:18  Warning: 'jsonError' is defined but never used.  @typescript-eslint/no-unused-vars
138:18  Warning: 'jsonError' is defined but never used.  @typescript-eslint/no-unused-vars

./src/components/radiology/RadiologyStudyDetail.tsx
8:30  Warning: 'Edit' is defined but never used.  @typescript-eslint/no-unused-vars
8:36  Warning: 'Trash2' is defined but never used.  @typescript-eslint/no-unused-vars
30:11  Warning: 'ReportData' is defined but never used.  @typescript-eslint/no-unused-vars
56:6  Warning: React Hook useEffect has a missing dependency: 'fetchStudyDetails'. Either include it or remove the dependency array.  react-hooks/exhaustive-deps
140:18  Warning: 'jsonError' is defined but never used.  @typescript-eslint/no-unused-vars

./src/components/ui/calendar.tsx
4:10  Warning: 'ChevronLeft' is defined but never used.  @typescript-eslint/no-unused-vars
4:23  Warning: 'ChevronRight' is defined but never used.  @typescript-eslint/no-unused-vars

./src/components/ui/command.tsx
26:11  Error: An interface declaring no members is equivalent to its supertype.  @typescript-eslint/no-empty-object-type

./src/components/ui/index.js
213:8  Error: 'React' is not defined.  no-undef
214:13  Error: 'React' is not defined.  no-undef
215:18  Error: 'React' is not defined.  no-undef
274:27  Error: 'React' is not defined.  no-undef
278:8  Error: 'React' is not defined.  no-undef
279:13  Error: 'React' is not defined.  no-undef
280:18  Error: 'React' is not defined.  no-undef
291:52  Warning: 'open' is defined but never used. Allowed unused args must match /^_/u.  @typescript-eslint/no-unused-vars
296:18  Error: 'React' is not defined.  no-undef
297:12  Error: 'React' is not defined.  no-undef
356:27  Error: 'React' is not defined.  no-undef
357:45  Error: 'React' is not defined.  no-undef
359:3  Error: 'React' is not defined.  no-undef
367:8  Error: 'React' is not defined.  no-undef
368:13  Error: 'React' is not defined.  no-undef
369:18  Error: 'React' is not defined.  no-undef
383:74  Warning: 'selectedValue' is defined but never used. Allowed unused args must match /^_/u.  @typescript-eslint/no-unused-vars
399:44  Warning: 'children' is defined but never used. Allowed unused args must match /^_/u.  @typescript-eslint/no-unused-vars
451:28  Warning: 'mode' is defined but never used. Allowed unused args must match /^_/u.  @typescript-eslint/no-unused-vars
451:34  Warning: 'selected' is defined but never used. Allowed unused args must match /^_/u.  @typescript-eslint/no-unused-vars
451:44  Warning: 'onSelect' is defined but never used. Allowed unused args must match /^_/u.  @typescript-eslint/no-unused-vars

./src/components/ui/input.tsx
7:18  Error: An interface declaring no members is equivalent to its supertype.  @typescript-eslint/no-empty-object-type

./src/components/ui/textarea.tsx
7:18  Error: An interface declaring no members is equivalent to its supertype.  @typescript-eslint/no-empty-object-type

./src/components/ui/toast.tsx
14:42  Warning: Unexpected any. Specify a different type.  @typescript-eslint/no-explicit-any
15:47  Warning: Unexpected any. Specify a different type.  @typescript-eslint/no-explicit-any
16:46  Warning: Unexpected any. Specify a different type.  @typescript-eslint/no-explicit-any
17:43  Warning: Unexpected any. Specify a different type.  @typescript-eslint/no-explicit-any
18:49  Warning: Unexpected any. Specify a different type.  @typescript-eslint/no-explicit-any
19:13  Error: Component definition is missing display name  react/display-name
19:48  Warning: Unexpected any. Specify a different type.  @typescript-eslint/no-explicit-any

./src/components/ui/use-toast.ts
16:7  Warning: 'actionTypes' is assigned a value but only used as a type.  @typescript-eslint/no-unused-vars

./src/lib/auth.ts
31:37  Warning: 'req' is defined but never used. Allowed unused args must match /^_/u.  @typescript-eslint/no-unused-vars
31:55  Warning: 'allowedRoles' is defined but never used. Allowed unused args must match /^_/u.  @typescript-eslint/no-unused-vars
38:38  Warning: 'req' is defined but never used. Allowed unused args must match /^_/u.  @typescript-eslint/no-unused-vars
81:38  Warning: 'password' is defined but never used. Allowed unused args must match /^_/u.  @typescript-eslint/no-unused-vars
81:56  Warning: 'hash' is defined but never used. Allowed unused args must match /^_/u.  @typescript-eslint/no-unused-vars
88:27  Warning: 'payload' is defined but never used. Allowed unused args must match /^_/u.  @typescript-eslint/no-unused-vars

./src/lib/db.ts
7:20  Warning: Unexpected any. Specify a different type.  @typescript-eslint/no-explicit-any
9:23  Warning: Unexpected any. Specify a different type.  @typescript-eslint/no-explicit-any
51:41  Warning: Unexpected any. Specify a different type.  @typescript-eslint/no-explicit-any
67:41  Warning: Unexpected any. Specify a different type.  @typescript-eslint/no-explicit-any
81:39  Warning: Unexpected any. Specify a different type.  @typescript-eslint/no-explicit-any
95:39  Warning: Unexpected any. Specify a different type.  @typescript-eslint/no-explicit-any

./src/lib/ipd.ts
16:18  Warning: Unexpected any. Specify a different type.  @typescript-eslint/no-explicit-any

info  - Need to disable some ESLint rules? Learn more here: https://nextjs.org/docs/basic-features/eslint#disabling-rules
