
> shlokam-hms@0.1.0 build
> next build

Attention: Next.js now collects completely anonymous telemetry regarding usage.
This information is used to shape Next.js' roadmap and prioritize features.
You can learn more, including how to opt-out if you'd not like to participate in this anonymous program, by visiting the following URL:
https://nextjs.org/telemetry

  ▲ Next.js 14.2.28

   Creating an optimized production build ...
Failed to compile.

./src/lib/session.ts
Error: 
  [31mx[0m You're importing a component that needs next/headers. That only works in a Server Component which is not supported in the pages/ directory. Read more: https://nextjs.org/docs/getting-started/
  [31m|[0m react-essentials#server-components
  [31m|[0m 
  [31m|[0m 
   ,-[[36;1;4m/home/ubuntu/Hms/src/lib/session.ts[0m:1:1]
 [2m1[0m | // lib/session.ts
 [2m2[0m | import { cookies } from 'next/headers';
   : [31;1m^^^^^^^^^^^^^^^^^^^^^^^^^^^^^^^^^^^^^^^[0m
 [2m3[0m | import { jwtVerify, SignJWT } from 'jose';
 [2m4[0m | import { getDB } from './db'; // FIX: Corrected import path
   `----

Import trace for requested module:
./src/lib/session.ts
./src/app/dashboard/layout.tsx

./src/app/api/ipd/[admissionId]/progress-notes/route.ts
Error: 
  [31mx[0m Expression expected
    ,-[[36;1;4m/home/ubuntu/Hms/src/app/api/ipd/[admissionId]/progress-notes/route.ts[0m:66:1]
 [2m66[0m |       JOIN Users u ON pn.created_by = u.userId -- Assuming Users table and userId
 [2m67[0m |       WHERE pn.admission_id = ?
 [2m68[0m |     `;
 [2m69[0m |     const queryParams: (string | number)[] = [admissionId];];
    : [31;1m                                                           ^[0m
 [2m70[0m |     
 [2m71[0m |     // Add filters based on searchParams if needed
 [2m72[0m |     // Example: 
    `----

Caused by:
    Syntax Error

Import trace for requested module:
./src/app/api/ipd/[admissionId]/progress-notes/route.ts

./src/app/api/laboratory/categories/route.ts
Error: 
  [31mx[0m Expected ';', '}' or <eof>
    ,-[[36;1;4m/home/ubuntu/Hms/src/app/api/laboratory/categories/route.ts[0m:9:1]
 [2m 9[0m | }
 [2m10[0m | 
 [2m11[0m | // GET /api/laboratory/categories - Get all laboratory test categories
 [2m12[0m | export async function GET(_request: Request) {t) {
    : [31;1m                                              |[0m[33;1m^[0m
    :                                               [31;1m`-- [31;1mThis is the expression part of an expression statement[0m[0m
 [2m13[0m |   try {
 [2m14[0m |     const session = await getSession();
 [2m15[0m |     
    `----

Caused by:
    Syntax Error

Import trace for requested module:
./src/app/api/laboratory/categories/route.ts


> Build failed because of webpack errors
