src/app/api/pharmacy/dispensing/route.ts(2,17): error TS2614: Module '"@/lib/db"' has no exported member 'Database'. Did you mean to use 'import Database from "@/lib/db"' instead?
src/app/api/pharmacy/dispensing/route.ts(3,22): error TS2305: Module '"@/lib/session"' has no exported member 'SessionData'.
src/app/api/pharmacy/dispensing/route.ts(132,38): error TS2554: Expected 0 arguments, but got 1.
src/app/api/pharmacy/dispensing/route.ts(139,24): error TS2345: Argument of type '{ id: string; roles: string[]; }' is not assignable to parameter of type 'NextRequest'.
  Type '{ id: string; roles: string[]; }' is missing the following properties from type 'NextRequest': cookies, geo, ip, nextUrl, and 26 more.
src/app/api/pharmacy/dispensing/route.ts(223,38): error TS2554: Expected 0 arguments, but got 1.
src/app/api/pharmacy/dispensing/route.ts(230,24): error TS2345: Argument of type '{ id: string; roles: string[]; }' is not assignable to parameter of type 'NextRequest'.
  Type '{ id: string; roles: string[]; }' is missing the following properties from type 'NextRequest': cookies, geo, ip, nextUrl, and 26 more.
src/app/api/pharmacy/dispensing/route.ts(369,52): error TS7006: Parameter 'i' implicitly has an 'any' type.
src/app/api/pharmacy/dispensing/route.ts(370,60): error TS7006: Parameter 'i' implicitly has an 'any' type.
src/app/api/pharmacy/inventory/route.ts(349,56): error TS18046: 'error' is of type 'unknown'.
src/app/api/pharmacy/inventory/route.ts(364,10): error TS18046: 'medicationData' is of type 'unknown'.
src/app/api/pharmacy/inventory/route.ts(364,34): error TS18046: 'medicationData' is of type 'unknown'.
src/app/api/pharmacy/inventory/route.ts(364,66): error TS18046: 'medicationData' is of type 'unknown'.
src/app/api/pharmacy/inventory/route.ts(364,94): error TS18046: 'medicationData' is of type 'unknown'.
src/app/api/pharmacy/inventory/route.ts(364,118): error TS18046: 'medicationData' is of type 'unknown'.
src/app/api/pharmacy/inventory/route.ts(378,56): error TS18046: 'error' is of type 'unknown'.
src/app/api/pharmacy/inventory/route.ts(406,56): error TS18046: 'error' is of type 'unknown'.
src/app/api/pharmacy/medications/route.ts(3,22): error TS2305: Module '"@/lib/session"' has no exported member 'SessionData'.
src/app/api/pharmacy/medications/route.ts(52,38): error TS2554: Expected 0 arguments, but got 1.
src/app/api/pharmacy/medications/route.ts(122,64): error TS2558: Expected 0 type arguments, but got 1.
src/app/api/pharmacy/medications/route.ts(137,38): error TS2554: Expected 0 arguments, but got 1.
src/app/api/pharmacy/medications/route.ts(169,30): error TS2558: Expected 0 type arguments, but got 1.
src/app/api/pharmacy/medications/route.ts(184,38): error TS2558: Expected 0 type arguments, but got 1.
src/app/api/pharmacy/medications/route.ts(194,42): error TS2558: Expected 0 type arguments, but got 1.
src/app/api/pharmacy/medications/route.ts(247,33): error TS2558: Expected 0 type arguments, but got 1.
src/app/api/pharmacy/prescriptions/route.ts(3,22): error TS2305: Module '"@/lib/session"' has no exported member 'SessionData'.
src/app/api/pharmacy/prescriptions/route.ts(73,38): error TS2554: Expected 0 arguments, but got 1.
src/app/api/pharmacy/prescriptions/route.ts(159,64): error TS2558: Expected 0 type arguments, but got 1.
src/app/api/pharmacy/prescriptions/route.ts(174,38): error TS2554: Expected 0 arguments, but got 1.
src/app/api/pharmacy/prescriptions/route.ts(220,35): error TS2558: Expected 0 type arguments, but got 1.
src/app/api/pharmacy/prescriptions/route.ts(234,36): error TS2558: Expected 0 type arguments, but got 1.
src/app/api/pharmacy/prescriptions/route.ts(273,42): error TS2558: Expected 0 type arguments, but got 1.
src/app/api/pharmacy/prescriptions/route.ts(310,37): error TS2558: Expected 0 type arguments, but got 1.
src/app/api/pharmacy/prescriptions/route.ts(325,35): error TS2558: Expected 0 type arguments, but got 1.
src/app/api/pharmacy/prescriptions/route.ts(328,9): error TS2698: Spread types may only be created from object types.
src/app/api/portal/patient/auth/route.ts(136,15): error TS2339: Property 'email' does not exist on type 'unknown'.
src/app/api/portal/patient/auth/route.ts(136,22): error TS2339: Property 'password' does not exist on type 'unknown'.
src/app/api/portal/patient/auth/route.ts(163,15): error TS2339: Property 'name' does not exist on type 'unknown'.
src/app/api/portal/patient/auth/route.ts(163,21): error TS2339: Property 'email' does not exist on type 'unknown'.
src/app/api/portal/patient/auth/route.ts(163,28): error TS2339: Property 'password' does not exist on type 'unknown'.
src/app/api/portal/patient/auth/route.ts(163,38): error TS2339: Property 'phone' does not exist on type 'unknown'.
src/app/api/portal/patient/auth/route.ts(163,45): error TS2339: Property 'date_of_birth' does not exist on type 'unknown'.
src/app/api/portal/patient/auth/route.ts(163,60): error TS2339: Property 'gender' does not exist on type 'unknown'.
src/app/api/portal/patient/auth/route.ts(163,68): error TS2339: Property 'address' does not exist on type 'unknown'.
src/app/api/portal/patient/auth/route.ts(163,77): error TS2339: Property 'blood_group' does not exist on type 'unknown'.
src/app/api/portal/patient/auth/route.ts(163,90): error TS2339: Property 'emergency_contact' does not exist on type 'unknown'.
src/app/api/portal/patient/auth/route.ts(205,50): error TS18046: 'error' is of type 'unknown'.
src/app/api/radiology/modalities/route.ts(10,8): error TS18047: 'session' is possibly 'null'.
src/app/api/radiology/modalities/route.ts(10,39): error TS18047: 'session' is possibly 'null'.
src/app/api/radiology/modalities/route.ts(10,39): error TS2345: Argument of type '{ userId: number; username: string; email: string; roleName: string; permissions: string[]; }' is not assignable to parameter of type 'NextRequest'.
  Type '{ userId: number; username: string; email: string; roleName: string; permissions: string[]; }' is missing the following properties from type 'NextRequest': cookies, geo, ip, nextUrl, and 26 more.
src/app/api/radiology/modalities/route.ts(29,8): error TS18047: 'session' is possibly 'null'.
src/app/api/radiology/modalities/route.ts(29,39): error TS18047: 'session' is possibly 'null'.
src/app/api/radiology/modalities/route.ts(29,39): error TS2345: Argument of type '{ userId: number; username: string; email: string; roleName: string; permissions: string[]; }' is not assignable to parameter of type 'NextRequest'.
  Type '{ userId: number; username: string; email: string; roleName: string; permissions: string[]; }' is missing the following properties from type 'NextRequest': cookies, geo, ip, nextUrl, and 26 more.
src/app/api/radiology/modalities/route.ts(35,13): error TS2339: Property 'name' does not exist on type 'unknown'.
src/app/api/radiology/modalities/route.ts(35,19): error TS2339: Property 'description' does not exist on type 'unknown'.
src/app/api/radiology/modalities/route.ts(35,32): error TS2339: Property 'location' does not exist on type 'unknown'.
src/app/api/radiology/orders/[id]/route.ts(11,8): error TS18047: 'session' is possibly 'null'.
src/app/api/radiology/orders/[id]/route.ts(11,39): error TS18047: 'session' is possibly 'null'.
src/app/api/radiology/orders/[id]/route.ts(11,39): error TS2345: Argument of type '{ userId: number; username: string; email: string; roleName: string; permissions: string[]; }' is not assignable to parameter of type 'NextRequest'.
  Type '{ userId: number; username: string; email: string; roleName: string; permissions: string[]; }' is missing the following properties from type 'NextRequest': cookies, geo, ip, nextUrl, and 26 more.
src/app/api/radiology/orders/[id]/route.ts(39,8): error TS18047: 'session' is possibly 'null'.
src/app/api/radiology/orders/[id]/route.ts(39,39): error TS18047: 'session' is possibly 'null'.
src/app/api/radiology/orders/[id]/route.ts(39,39): error TS2345: Argument of type '{ userId: number; username: string; email: string; roleName: string; permissions: string[]; }' is not assignable to parameter of type 'NextRequest'.
  Type '{ userId: number; username: string; email: string; roleName: string; permissions: string[]; }' is missing the following properties from type 'NextRequest': cookies, geo, ip, nextUrl, and 26 more.
src/app/api/radiology/orders/[id]/route.ts(47,13): error TS2339: Property 'status' does not exist on type 'unknown'.
src/app/api/radiology/orders/[id]/route.ts(47,21): error TS2339: Property 'priority' does not exist on type 'unknown'.
src/app/api/radiology/orders/[id]/route.ts(47,31): error TS2339: Property 'clinical_indication' does not exist on type 'unknown'.
src/app/api/radiology/orders/[id]/route.ts(47,52): error TS2339: Property 'procedure_type_id' does not exist on type 'unknown'.
src/app/api/radiology/orders/[id]/route.ts(69,14): error TS2339: Property 'changes' does not exist on type 'D1Result<Record<string, unknown>>'.
src/app/api/radiology/orders/[id]/route.ts(93,8): error TS18047: 'session' is possibly 'null'.
src/app/api/radiology/orders/[id]/route.ts(93,39): error TS18047: 'session' is possibly 'null'.
src/app/api/radiology/orders/[id]/route.ts(93,39): error TS2345: Argument of type '{ userId: number; username: string; email: string; roleName: string; permissions: string[]; }' is not assignable to parameter of type 'NextRequest'.
  Type '{ userId: number; username: string; email: string; roleName: string; permissions: string[]; }' is missing the following properties from type 'NextRequest': cookies, geo, ip, nextUrl, and 26 more.
src/app/api/radiology/orders/[id]/route.ts(107,14): error TS2339: Property 'changes' does not exist on type 'D1Result<Record<string, unknown>>'.
src/app/api/radiology/orders/route.ts(372,61): error TS18046: 'error' is of type 'unknown'.
src/app/api/radiology/orders/route.ts(387,10): error TS18046: 'orderData' is of type 'unknown'.
src/app/api/radiology/orders/route.ts(387,35): error TS18046: 'orderData' is of type 'unknown'.
src/app/api/radiology/orders/route.ts(387,68): error TS18046: 'orderData' is of type 'unknown'.
src/app/api/radiology/orders/route.ts(387,91): error TS18046: 'orderData' is of type 'unknown'.
src/app/api/radiology/orders/route.ts(401,61): error TS18046: 'error' is of type 'unknown'.
src/app/api/radiology/orders/route.ts(429,61): error TS18046: 'error' is of type 'unknown'.
src/app/api/radiology/procedure-types/route.ts(11,8): error TS18047: 'session' is possibly 'null'.
src/app/api/radiology/procedure-types/route.ts(11,39): error TS18047: 'session' is possibly 'null'.
src/app/api/radiology/procedure-types/route.ts(11,39): error TS2345: Argument of type '{ userId: number; username: string; email: string; roleName: string; permissions: string[]; }' is not assignable to parameter of type 'NextRequest'.
  Type '{ userId: number; username: string; email: string; roleName: string; permissions: string[]; }' is missing the following properties from type 'NextRequest': cookies, geo, ip, nextUrl, and 26 more.
src/app/api/radiology/procedure-types/route.ts(30,8): error TS18047: 'session' is possibly 'null'.
src/app/api/radiology/procedure-types/route.ts(30,39): error TS18047: 'session' is possibly 'null'.
src/app/api/radiology/procedure-types/route.ts(30,39): error TS2345: Argument of type '{ userId: number; username: string; email: string; roleName: string; permissions: string[]; }' is not assignable to parameter of type 'NextRequest'.
  Type '{ userId: number; username: string; email: string; roleName: string; permissions: string[]; }' is missing the following properties from type 'NextRequest': cookies, geo, ip, nextUrl, and 26 more.
src/app/api/radiology/procedure-types/route.ts(36,13): error TS2339: Property 'name' does not exist on type 'unknown'.
src/app/api/radiology/procedure-types/route.ts(36,19): error TS2339: Property 'description' does not exist on type 'unknown'.
src/app/api/radiology/procedure-types/route.ts(36,32): error TS2339: Property 'modality_type' does not exist on type 'unknown'.
src/app/api/radiology/reports/[id]/route.ts(2,17): error TS2614: Module '"@/lib/db"' has no exported member 'Database'. Did you mean to use 'import Database from "@/lib/db"' instead?
src/app/api/radiology/reports/[id]/route.ts(3,22): error TS2305: Module '"@/lib/session"' has no exported member 'SessionData'.
src/app/api/radiology/reports/[id]/route.ts(53,38): error TS2554: Expected 0 arguments, but got 1.
src/app/api/radiology/reports/[id]/route.ts(105,38): error TS2554: Expected 0 arguments, but got 1.
src/app/api/radiology/reports/[id]/route.ts(219,38): error TS2554: Expected 0 arguments, but got 1.
src/app/api/radiology/reports/route.ts(10,8): error TS18047: 'session' is possibly 'null'.
src/app/api/radiology/reports/route.ts(10,39): error TS18047: 'session' is possibly 'null'.
src/app/api/radiology/reports/route.ts(10,39): error TS2345: Argument of type '{ userId: number; username: string; email: string; roleName: string; permissions: string[]; }' is not assignable to parameter of type 'NextRequest'.
  Type '{ userId: number; username: string; email: string; roleName: string; permissions: string[]; }' is missing the following properties from type 'NextRequest': cookies, geo, ip, nextUrl, and 26 more.
src/app/api/radiology/reports/route.ts(60,8): error TS18047: 'session' is possibly 'null'.
src/app/api/radiology/reports/route.ts(60,39): error TS18047: 'session' is possibly 'null'.
src/app/api/radiology/reports/route.ts(60,39): error TS2345: Argument of type '{ userId: number; username: string; email: string; roleName: string; permissions: string[]; }' is not assignable to parameter of type 'NextRequest'.
  Type '{ userId: number; username: string; email: string; roleName: string; permissions: string[]; }' is missing the following properties from type 'NextRequest': cookies, geo, ip, nextUrl, and 26 more.
src/app/api/radiology/reports/route.ts(66,13): error TS2339: Property 'study_id' does not exist on type 'unknown'.
src/app/api/radiology/reports/route.ts(66,23): error TS2339: Property 'radiologist_id' does not exist on type 'unknown'.
src/app/api/radiology/reports/route.ts(66,39): error TS2339: Property 'findings' does not exist on type 'unknown'.
src/app/api/radiology/reports/route.ts(66,49): error TS2339: Property 'impression' does not exist on type 'unknown'.
src/app/api/radiology/reports/route.ts(66,61): error TS2339: Property 'recommendations' does not exist on type 'unknown'.
src/app/api/radiology/reports/route.ts(66,78): error TS2339: Property 'status' does not exist on type 'unknown'.
src/app/api/radiology/studies/[id]/route.ts(3,22): error TS2305: Module '"@/lib/session"' has no exported member 'SessionData'.
src/app/api/radiology/studies/[id]/route.ts(54,38): error TS2554: Expected 0 arguments, but got 1.
src/app/api/radiology/studies/[id]/route.ts(86,27): error TS2558: Expected 0 type arguments, but got 1.
src/app/api/radiology/studies/[id]/route.ts(105,38): error TS2554: Expected 0 arguments, but got 1.
src/app/api/radiology/studies/[id]/route.ts(153,18): error TS2339: Property 'changes' does not exist on type '{ success: boolean; meta: { duration: number; }; }'.
src/app/api/radiology/studies/[id]/route.ts(161,118): error TS2558: Expected 0 type arguments, but got 1.
src/app/api/radiology/studies/[id]/route.ts(167,126): error TS2558: Expected 0 type arguments, but got 1.
src/app/api/radiology/studies/[id]/route.ts(168,32): error TS2339: Property 'order_id' does not exist on type 'never'.
src/app/api/radiology/studies/[id]/route.ts(172,66): error TS2339: Property 'order_id' does not exist on type 'never'.
src/app/api/radiology/studies/[id]/route.ts(178,114): error TS2558: Expected 0 type arguments, but got 1.
src/app/api/radiology/studies/[id]/route.ts(203,38): error TS2554: Expected 0 arguments, but got 1.
src/app/api/radiology/studies/[id]/route.ts(230,14): error TS2339: Property 'changes' does not exist on type '{ success: boolean; meta: { duration: number; }; }'.
src/app/api/radiology/studies/route.ts(10,8): error TS18047: 'session' is possibly 'null'.
src/app/api/radiology/studies/route.ts(10,39): error TS18047: 'session' is possibly 'null'.
src/app/api/radiology/studies/route.ts(10,39): error TS2345: Argument of type '{ userId: number; username: string; email: string; roleName: string; permissions: string[]; }' is not assignable to parameter of type 'NextRequest'.
  Type '{ userId: number; username: string; email: string; roleName: string; permissions: string[]; }' is missing the following properties from type 'NextRequest': cookies, geo, ip, nextUrl, and 26 more.
src/app/api/radiology/studies/route.ts(54,8): error TS18047: 'session' is possibly 'null'.
src/app/api/radiology/studies/route.ts(54,39): error TS18047: 'session' is possibly 'null'.
src/app/api/radiology/studies/route.ts(54,39): error TS2345: Argument of type '{ userId: number; username: string; email: string; roleName: string; permissions: string[]; }' is not assignable to parameter of type 'NextRequest'.
  Type '{ userId: number; username: string; email: string; roleName: string; permissions: string[]; }' is missing the following properties from type 'NextRequest': cookies, geo, ip, nextUrl, and 26 more.
src/app/api/radiology/studies/route.ts(60,13): error TS2339: Property 'order_id' does not exist on type 'unknown'.
src/app/api/radiology/studies/route.ts(60,23): error TS2339: Property 'accession_number' does not exist on type 'unknown'.
src/app/api/radiology/studies/route.ts(60,41): error TS2339: Property 'study_datetime' does not exist on type 'unknown'.
src/app/api/radiology/studies/route.ts(60,57): error TS2339: Property 'modality_id' does not exist on type 'unknown'.
src/app/api/radiology/studies/route.ts(60,70): error TS2339: Property 'technician_id' does not exist on type 'unknown'.
src/app/api/radiology/studies/route.ts(60,85): error TS2339: Property 'protocol' does not exist on type 'unknown'.
src/app/api/radiology/studies/route.ts(60,95): error TS2339: Property 'series_description' does not exist on type 'unknown'.
src/app/api/radiology/studies/route.ts(60,115): error TS2339: Property 'number_of_images' does not exist on type 'unknown'.
src/app/api/radiology/studies/route.ts(60,133): error TS2339: Property 'status' does not exist on type 'unknown'.
src/app/dashboard/billing/create-invoice/page.tsx(95,19): error TS18046: 'data' is of type 'unknown'.
src/app/dashboard/billing/create-invoice/page.tsx(111,23): error TS18046: 'data' is of type 'unknown'.
src/app/dashboard/billing/create-invoice/page.tsx(212,25): error TS18046: 'errorData' is of type 'unknown'.
src/app/dashboard/billing/create-invoice/page.tsx(358,51): error TS2345: Argument of type 'ServiceItem | null' is not assignable to parameter of type 'ServiceItem'.
  Type 'null' is not assignable to type 'ServiceItem'.
src/app/dashboard/billing/invoices/page.tsx(53,19): error TS18046: 'data' is of type 'unknown'.
src/app/dashboard/billing/invoices/page.tsx(149,28): error TS2322: Type '"secondary" | "destructive" | "success" | "warning"' is not assignable to type '"secondary" | "destructive" | "default" | "outline" | null | undefined'.
  Type '"success"' is not assignable to type '"secondary" | "destructive" | "default" | "outline" | null | undefined'.
src/app/dashboard/billing/page.tsx(54,19): error TS18046: 'data' is of type 'unknown'.
src/app/dashboard/billing/page.tsx(55,21): error TS18046: 'data' is of type 'unknown'.
src/app/dashboard/billing/page.tsx(144,32): error TS2322: Type '"secondary" | "destructive" | "default" | "success" | "warning"' is not assignable to type '"secondary" | "destructive" | "default" | "outline" | null | undefined'.
  Type '"success"' is not assignable to type '"secondary" | "destructive" | "default" | "outline" | null | undefined'.
src/app/dashboard/billing/service-items/page.tsx(49,28): error TS7031: Binding element 'item' implicitly has an 'any' type.
src/app/dashboard/billing/service-items/page.tsx(49,34): error TS7031: Binding element 'onSubmit' implicitly has an 'any' type.
src/app/dashboard/billing/service-items/page.tsx(49,44): error TS7031: Binding element 'onCancel' implicitly has an 'any' type.
src/app/dashboard/billing/service-items/page.tsx(180,23): error TS18046: 'data' is of type 'unknown'.
src/app/dashboard/billing/service-items/page.tsx(206,25): error TS18046: 'errorData' is of type 'unknown'.
src/app/dashboard/billing/service-items/page.tsx(312,28): error TS2322: Type '"secondary" | "success"' is not assignable to type '"secondary" | "destructive" | "default" | "outline" | null | undefined'.
  Type '"success"' is not assignable to type '"secondary" | "destructive" | "default" | "outline" | null | undefined'.
src/app/dashboard/layout.tsx(16,10): error TS2305: Module '"@/lib/session"' has no exported member 'hasPermission'.
src/app/dashboard/layout.tsx(36,23): error TS18046: 'data' is of type 'unknown'.
src/app/dashboard/layout.tsx(37,23): error TS18046: 'data' is of type 'unknown'.
src/app/dashboard/page.tsx(43,26): error TS18046: 'opdData' is of type 'unknown'.
src/app/dashboard/page.tsx(44,30): error TS18046: 'opdData' is of type 'unknown'.
src/app/dashboard/page.tsx(45,29): error TS18046: 'ipdData' is of type 'unknown'.
src/app/dashboard/page.tsx(46,26): error TS18046: 'ipdData' is of type 'unknown'.
src/app/dashboard/page.tsx(47,25): error TS18046: 'billingData' is of type 'unknown'.
src/app/dashboard/page.tsx(48,26): error TS18046: 'pharmacyData' is of type 'unknown'.
src/app/dashboard/page.tsx(54,18): error TS2345: Argument of type '"Failed to load dashboard statistics. Please try again later."' is not assignable to parameter of type 'SetStateAction<null>'.
src/app/ipd/page.tsx(14,30): error TS7031: Binding element 'patientId' implicitly has an 'any' type.
src/app/ipd/page.tsx(14,41): error TS7031: Binding element 'admissionId' implicitly has an 'any' type.
src/app/ipd/page.tsx(16,6): error TS2739: Type '{ children: Element[]; defaultValue: string; className: string; }' is missing the following properties from type '{ [x: string]: any; children: any; value: any; onValueChange: any; className?: string | undefined; }': value, onValueChange
src/app/ipd/page.tsx(52,30): error TS7006: Parameter 'admissionId' implicitly has an 'any' type.
src/app/ipd/page.tsx(52,43): error TS7006: Parameter 'patientId' implicitly has an 'any' type.
src/app/ipd/page.tsx(53,28): error TS2353: Object literal may only specify known properties, and 'admissionId' does not exist in type '(prevState: null) => null'.
src/app/ipd/page.tsx(85,31): error TS2322: Type '{ onViewPatient: (admissionId: any, patientId: any) => void; }' is not assignable to type 'IntrinsicAttributes'.
  Property 'onViewPatient' does not exist on type 'IntrinsicAttributes'.
src/app/ipd/page.tsx(97,44): error TS2339: Property 'patientId' does not exist on type 'never'.
src/app/ipd/page.tsx(98,46): error TS2339: Property 'admissionId' does not exist on type 'never'.
src/app/layout.tsx(16,10): error TS2305: Module '"@/lib/session"' has no exported member 'hasPermission'.
src/app/layout.tsx(39,23): error TS18046: 'data' is of type 'unknown'.
src/app/layout.tsx(40,23): error TS18046: 'data' is of type 'unknown'.
src/app/login/page.tsx(37,25): error TS18046: 'data' is of type 'unknown'.
src/app/login/page.tsx(41,11): error TS18046: 'data' is of type 'unknown'.
src/app/login/page.tsx(43,18): error TS18046: 'data' is of type 'unknown'.
src/app/login/page.tsx(45,18): error TS18046: 'data' is of type 'unknown'.
src/app/opd/page.tsx(45,33): error TS18046: 'createData' is of type 'unknown'.
src/app/opd/page.tsx(46,30): error TS18046: 'statsData' is of type 'unknown'.
src/app/pharmacy/medications/page.tsx(5,69): error TS7016: Could not find a declaration file for module 'react-table'. '/home/ubuntu/Hms/node_modules/react-table/index.js' implicitly has an 'any' type.
  Try `npm i --save-dev @types/react-table` if it exists or add a new declaration (.d.ts) file containing `declare module 'react-table';`
src/app/pharmacy/medications/page.tsx(25,28): error TS18046: 'data' is of type 'unknown'.
src/app/pharmacy/medications/page.tsx(27,18): error TS18046: 'err' is of type 'unknown'.
src/app/pharmacy/medications/page.tsx(45,18): error TS7031: Binding element 'row' implicitly has an 'any' type.
src/app/pharmacy/medications/page.tsx(57,18): error TS7031: Binding element 'row' implicitly has an 'any' type.
src/app/pharmacy/medications/page.tsx(67,18): error TS7031: Binding element 'value' implicitly has an 'any' type.
src/app/pharmacy/medications/page.tsx(72,18): error TS7031: Binding element 'value' implicitly has an 'any' type.
src/app/pharmacy/medications/page.tsx(77,18): error TS7031: Binding element 'value' implicitly has an 'any' type.
src/app/pharmacy/medications/page.tsx(77,25): error TS7031: Binding element 'row' implicitly has an 'any' type.
src/app/pharmacy/medications/page.tsx(89,18): error TS7031: Binding element 'value' implicitly has an 'any' type.
src/app/pharmacy/medications/page.tsx(98,18): error TS7031: Binding element 'row' implicitly has an 'any' type.
src/app/pharmacy/medications/page.tsx(138,37): error TS7006: Parameter 'e' implicitly has an 'any' type.
src/app/pharmacy/medications/page.tsx(177,33): error TS7006: Parameter 'headerGroup' implicitly has an 'any' type.
src/app/pharmacy/medications/page.tsx(179,44): error TS7006: Parameter 'column' implicitly has an 'any' type.
src/app/pharmacy/medications/page.tsx(198,25): error TS7006: Parameter 'row' implicitly has an 'any' type.
src/app/pharmacy/medications/page.tsx(202,36): error TS7006: Parameter 'cell' implicitly has an 'any' type.
src/app/pharmacy/page.tsx(187,21): error TS7031: Binding element 'title' implicitly has an 'any' type.
src/app/pharmacy/page.tsx(187,28): error TS7031: Binding element 'value' implicitly has an 'any' type.
src/app/pharmacy/page.tsx(187,35): error TS7031: Binding element 'icon' implicitly has an 'any' type.
src/app/pharmacy/page.tsx(187,41): error TS7031: Binding element 'color' implicitly has an 'any' type.
src/app/pharmacy/page.tsx(187,48): error TS7031: Binding element 'onClick' implicitly has an 'any' type.
src/app/pharmacy/page.tsx(213,27): error TS7006: Parameter 'status' implicitly has an 'any' type.
src/components/er/ERCriticalAlerts.tsx(142,28): error TS2322: Type '"destructive" | "default" | "warning"' is not assignable to type '"secondary" | "destructive" | "default" | "outline" | null | undefined'.
  Type '"warning"' is not assignable to type '"secondary" | "destructive" | "default" | "outline" | null | undefined'.
src/components/er/ERLabOrderModal.tsx(27,10): error TS2305: Module '"@/components/ui/use-toast"' has no exported member 'toast'.
src/components/er/ERLabOrderModal.tsx(116,25): error TS18046: 'errorData' is of type 'unknown'.
src/components/er/ERLabOrderModal.tsx(126,36): error TS18046: 'newOrder' is of type 'unknown'.
src/components/er/ERLabOrderModal.tsx(195,22): error TS2304: Cannot find name 'FormDescription'.
src/components/er/ERLabOrderModal.tsx(197,23): error TS2304: Cannot find name 'FormDescription'.
src/components/er/ERPatientAdmitModal.tsx(28,10): error TS2305: Module '"@/components/ui/use-toast"' has no exported member 'toast'.
src/components/er/ERPatientAdmitModal.tsx(107,25): error TS18046: 'errorData' is of type 'unknown'.
src/components/er/ERPatientAdmitModal.tsx(125,25): error TS18046: 'errorData' is of type 'unknown'.
src/components/er/ERPatientTrackingBoard.tsx(206,28): error TS2322: Type '"secondary" | "destructive" | "info" | "success" | "warning"' is not assignable to type '"secondary" | "destructive" | "default" | "outline" | null | undefined'.
  Type '"info"' is not assignable to type '"secondary" | "destructive" | "default" | "outline" | null | undefined'.
src/components/er/ERPatientTrackingBoard.tsx(217,107): error TS2322: Type '{ className: string; title: string; }' is not assignable to type 'IntrinsicAttributes & Omit<LucideProps, "ref"> & RefAttributes<SVGSVGElement>'.
  Property 'title' does not exist on type 'IntrinsicAttributes & Omit<LucideProps, "ref"> & RefAttributes<SVGSVGElement>'.
src/components/er/ERPatientTrackingBoard.tsx(218,106): error TS2322: Type '{ className: string; title: string; }' is not assignable to type 'IntrinsicAttributes & Omit<LucideProps, "ref"> & RefAttributes<SVGSVGElement>'.
  Property 'title' does not exist on type 'IntrinsicAttributes & Omit<LucideProps, "ref"> & RefAttributes<SVGSVGElement>'.
src/components/er/ERPatientTrackingBoard.tsx(219,105): error TS2322: Type '{ className: string; title: string; }' is not assignable to type 'IntrinsicAttributes & Omit<LucideProps, "ref"> & RefAttributes<SVGSVGElement>'.
  Property 'title' does not exist on type 'IntrinsicAttributes & Omit<LucideProps, "ref"> & RefAttributes<SVGSVGElement>'.
src/components/er/ERPatientTrackingBoard.tsx(220,103): error TS2322: Type '{ className: string; title: string; }' is not assignable to type 'IntrinsicAttributes & Omit<LucideProps, "ref"> & RefAttributes<SVGSVGElement>'.
  Property 'title' does not exist on type 'IntrinsicAttributes & Omit<LucideProps, "ref"> & RefAttributes<SVGSVGElement>'.
src/components/er/ERPatientTrackingBoard.tsx(221,102): error TS2322: Type '{ className: string; title: string; }' is not assignable to type 'IntrinsicAttributes & Omit<LucideProps, "ref"> & RefAttributes<SVGSVGElement>'.
  Property 'title' does not exist on type 'IntrinsicAttributes & Omit<LucideProps, "ref"> & RefAttributes<SVGSVGElement>'.
src/components/er/ERPatientTrackingBoard.tsx(222,101): error TS2322: Type '{ className: string; title: string; }' is not assignable to type 'IntrinsicAttributes & Omit<LucideProps, "ref"> & RefAttributes<SVGSVGElement>'.
  Property 'title' does not exist on type 'IntrinsicAttributes & Omit<LucideProps, "ref"> & RefAttributes<SVGSVGElement>'.
src/components/er/ERPatientTrackingBoard.tsx(223,109): error TS2322: Type '{ className: string; title: string; }' is not assignable to type 'IntrinsicAttributes & Omit<LucideProps, "ref"> & RefAttributes<SVGSVGElement>'.
  Property 'title' does not exist on type 'IntrinsicAttributes & Omit<LucideProps, "ref"> & RefAttributes<SVGSVGElement>'.
src/components/er/ERPatientTrackingBoard.tsx(224,103): error TS2322: Type '{ className: string; title: string; }' is not assignable to type 'IntrinsicAttributes & Omit<LucideProps, "ref"> & RefAttributes<SVGSVGElement>'.
  Property 'title' does not exist on type 'IntrinsicAttributes & Omit<LucideProps, "ref"> & RefAttributes<SVGSVGElement>'.
src/components/er/ERPatientTrackingBoard.tsx(225,107): error TS2322: Type '{ className: string; title: string; }' is not assignable to type 'IntrinsicAttributes & Omit<LucideProps, "ref"> & RefAttributes<SVGSVGElement>'.
  Property 'title' does not exist on type 'IntrinsicAttributes & Omit<LucideProps, "ref"> & RefAttributes<SVGSVGElement>'.
src/components/er/ERRadiologyOrderModal.tsx(27,10): error TS2305: Module '"@/components/ui/use-toast"' has no exported member 'toast'.
src/components/er/ERRadiologyOrderModal.tsx(113,25): error TS18046: 'errorData' is of type 'unknown'.
src/components/er/ERRadiologyOrderModal.tsx(123,36): error TS18046: 'newOrder' is of type 'unknown'.
src/components/er/ERRegistrationModal.tsx(149,25): error TS18046: 'errorData' is of type 'unknown'.
src/components/er/ERRegistrationModal.tsx(155,31): error TS18046: 'newVisit' is of type 'unknown'.
src/components/er/ERTriageForm.tsx(88,25): error TS18046: 'errorData' is of type 'unknown'.
src/components/er/ERTriageForm.tsx(94,35): error TS18046: 'result' is of type 'unknown'.
src/components/er/ERTriageForm.tsx(94,74): error TS18046: 'result' is of type 'unknown'.
src/components/ipd/AdmissionForm.tsx(39,25): error TS7006: Parameter 'e' implicitly has an 'any' type.
src/components/ipd/AdmissionForm.tsx(44,31): error TS7006: Parameter 'name' implicitly has an 'any' type.
src/components/ipd/AdmissionForm.tsx(44,37): error TS7006: Parameter 'value' implicitly has an 'any' type.
src/components/ipd/AdmissionForm.tsx(48,31): error TS7006: Parameter 'e' implicitly has an 'any' type.
src/components/ipd/AdmissionForm.tsx(65,25): error TS18046: 'errorData' is of type 'unknown'.
src/components/ipd/AdmissionForm.tsx(81,16): error TS18046: 'err' is of type 'unknown'.
src/components/ipd/BedManagementDashboard.tsx(62,31): error TS2367: This comparison appears to be unintentional because the types '"general" | "semi-private" | "private" | "icu"' and '"All"' have no overlap.
src/components/ipd/BedManagementDashboard.tsx(63,29): error TS2367: This comparison appears to be unintentional because the types '"available" | "occupied" | "maintenance" | "reserved"' and '"All"' have no overlap.
src/components/ipd/BedManagementDashboard.tsx(69,27): error TS18046: 'errorData' is of type 'unknown'.
src/components/ipd/BedManagementDashboard.tsx(230,32): error TS2322: Type '"secondary" | "destructive" | "default" | "outline" | "success"' is not assignable to type '"secondary" | "destructive" | "default" | "outline" | null | undefined'.
  Type '"success"' is not assignable to type '"secondary" | "destructive" | "default" | "outline" | null | undefined'.
src/components/ipd/IPDPatientList.tsx(22,21): error TS2345: Argument of type 'unknown' is not assignable to parameter of type 'SetStateAction<never[]>'.
src/components/ipd/IPDPatientList.tsx(26,18): error TS2345: Argument of type '"Failed to load inpatient list. Please try again later."' is not assignable to parameter of type 'SetStateAction<null>'.
src/components/ipd/IPDPatientList.tsx(63,40): error TS2339: Property 'id' does not exist on type 'never'.
src/components/ipd/IPDPatientList.tsx(64,39): error TS2339: Property 'patient_first_name' does not exist on type 'never'.
src/components/ipd/IPDPatientList.tsx(64,68): error TS2339: Property 'patient_last_name' does not exist on type 'never'.
src/components/ipd/IPDPatientList.tsx(65,39): error TS2339: Property 'admission_number' does not exist on type 'never'.
src/components/ipd/IPDPatientList.tsx(66,39): error TS2339: Property 'bed_number' does not exist on type 'never'.
src/components/ipd/IPDPatientList.tsx(66,61): error TS2339: Property 'room_number' does not exist on type 'never'.
src/components/ipd/IPDPatientList.tsx(67,39): error TS2339: Property 'ward' does not exist on type 'never'.
src/components/ipd/IPDPatientList.tsx(68,43): error TS2339: Property 'doctor_first_name' does not exist on type 'never'.
src/components/ipd/IPDPatientList.tsx(68,71): error TS2339: Property 'doctor_last_name' does not exist on type 'never'.
src/components/ipd/IPDPatientList.tsx(69,48): error TS2339: Property 'admission_date' does not exist on type 'never'.
src/components/ipd/PatientProgressNotes.tsx(355,20): error TS2739: Type '{ children: Element[]; defaultValue: string; className: string; }' is missing the following properties from type '{ [x: string]: any; children: any; value: any; onValueChange: any; className?: string | undefined; }': value, onValueChange
src/components/ipd/VitalSigns.tsx(169,50): error TS18048: 'submissionData.pain_level' is possibly 'undefined'.
src/components/ipd/VitalSigns.tsx(169,50): error TS2365: Operator '<' cannot be applied to types 'string | number' and 'number'.
src/components/ipd/VitalSigns.tsx(169,83): error TS18048: 'submissionData.pain_level' is possibly 'undefined'.
src/components/ipd/VitalSigns.tsx(169,83): error TS2365: Operator '>' cannot be applied to types 'string | number' and 'number'.
src/components/laboratory/OrderManagement.tsx(2,97): error TS2307: Cannot find module 'antd' or its corresponding type declarations.
src/components/laboratory/OrderManagement.tsx(3,75): error TS2307: Cannot find module '@ant-design/icons' or its corresponding type declarations.
src/components/laboratory/OrderManagement.tsx(4,20): error TS2307: Cannot find module 'moment' or its corresponding type declarations.
src/components/laboratory/OrderManagement.tsx(71,19): error TS18046: 'data' is of type 'unknown'.
src/components/laboratory/OrderManagement.tsx(89,16): error TS18046: 'data' is of type 'unknown'.
src/components/laboratory/OrderManagement.tsx(129,17): error TS18046: 'data' is of type 'unknown'.
src/components/laboratory/OrderManagement.tsx(146,21): error TS18046: 'data' is of type 'unknown'.
src/components/laboratory/OrderManagement.tsx(340,24): error TS7006: Parameter 'dates' implicitly has an 'any' type.
src/components/laboratory/ResultManagement.tsx(2,91): error TS2307: Cannot find module 'antd' or its corresponding type declarations.
src/components/laboratory/ResultManagement.tsx(3,90): error TS2307: Cannot find module '@ant-design/icons' or its corresponding type declarations.
src/components/laboratory/ResultManagement.tsx(4,20): error TS2307: Cannot find module 'moment' or its corresponding type declarations.
src/components/laboratory/ResultManagement.tsx(98,41): error TS18046: 'data' is of type 'unknown'.
src/components/laboratory/ResultManagement.tsx(126,17): error TS18046: 'data' is of type 'unknown'.
src/components/laboratory/ResultManagement.tsx(140,21): error TS18046: 'data' is of type 'unknown'.
src/components/laboratory/ResultManagement.tsx(154,21): error TS18046: 'data' is of type 'unknown'.
src/components/laboratory/ResultManagement.tsx(190,25): error TS18046: 'errorData' is of type 'unknown'.
src/components/laboratory/ResultManagement.tsx(221,25): error TS18046: 'errorData' is of type 'unknown'.
src/components/laboratory/ResultManagement.tsx(251,25): error TS18046: 'errorData' is of type 'unknown'.
src/components/laboratory/ResultManagement.tsx(421,28): error TS7006: Parameter 'input' implicitly has an 'any' type.
src/components/laboratory/ResultManagement.tsx(421,35): error TS7006: Parameter 'option' implicitly has an 'any' type.
src/components/laboratory/SampleManagement.tsx(15,8): error TS2307: Cannot find module 'antd' or its corresponding type declarations.
src/components/laboratory/SampleManagement.tsx(16,110): error TS2307: Cannot find module '@ant-design/icons' or its corresponding type declarations.
src/components/laboratory/SampleManagement.tsx(17,20): error TS2307: Cannot find module 'moment' or its corresponding type declarations.
src/components/laboratory/SampleManagement.tsx(18,34): error TS2307: Cannot find module 'antd/es/table' or its corresponding type declarations.
src/components/laboratory/SampleManagement.tsx(19,35): error TS2307: Cannot find module 'antd/es/form' or its corresponding type declarations.
src/components/laboratory/SampleManagement.tsx(226,16): error TS7006: Parameter 'name' implicitly has an 'any' type.
src/components/laboratory/SampleManagement.tsx(252,16): error TS7006: Parameter '_' implicitly has an 'any' type.
src/components/laboratory/SampleManagement.tsx(265,16): error TS7006: Parameter '_' implicitly has an 'any' type.
src/components/laboratory/SampleManagement.tsx(355,24): error TS7006: Parameter 'value' implicitly has an 'any' type.
src/components/laboratory/TestCatalogManagement.tsx(2,88): error TS2307: Cannot find module 'antd' or its corresponding type declarations.
src/components/laboratory/TestCatalogManagement.tsx(3,75): error TS2307: Cannot find module '@ant-design/icons' or its corresponding type declarations.
src/components/laboratory/TestCatalogManagement.tsx(4,62): error TS2307: Cannot find module 'antd' or its corresponding type declarations.
src/components/laboratory/TestCatalogManagement.tsx(5,59): error TS2307: Cannot find module 'antd/es/table/interface' or its corresponding type declarations.
src/components/laboratory/TestCatalogManagement.tsx(75,33): error TS18046: 'data' is of type 'unknown'.
src/components/laboratory/TestCatalogManagement.tsx(111,33): error TS18046: 'data' is of type 'unknown'.
src/components/laboratory/TestCatalogManagement.tsx(129,18): error TS18046: 'data' is of type 'unknown'.
src/components/laboratory/TestCatalogManagement.tsx(150,60): error TS7006: Parameter 'pagination' implicitly has an 'any' type.
src/components/laboratory/TestCatalogManagement.tsx(150,72): error TS7006: Parameter 'filters' implicitly has an 'any' type.
src/components/laboratory/TestCatalogManagement.tsx(150,81): error TS7006: Parameter 'sorter' implicitly has an 'any' type.
src/components/laboratory/TestCatalogManagement.tsx(173,74): error TS7006: Parameter 'values' implicitly has an 'any' type.
src/components/laboratory/TestCatalogManagement.tsx(202,25): error TS18046: 'errorData' is of type 'unknown'.
src/components/laboratory/TestCatalogManagement.tsx(223,16): error TS7006: Parameter 'a' implicitly has an 'any' type.
src/components/laboratory/TestCatalogManagement.tsx(223,19): error TS7006: Parameter 'b' implicitly has an 'any' type.
src/components/laboratory/TestCatalogManagement.tsx(231,16): error TS7006: Parameter 'a' implicitly has an 'any' type.
src/components/laboratory/TestCatalogManagement.tsx(231,19): error TS7006: Parameter 'b' implicitly has an 'any' type.
src/components/laboratory/TestCatalogManagement.tsx(240,16): error TS7006: Parameter 'a' implicitly has an 'any' type.
src/components/laboratory/TestCatalogManagement.tsx(240,19): error TS7006: Parameter 'b' implicitly has an 'any' type.
src/components/laboratory/TestCatalogManagement.tsx(248,16): error TS7006: Parameter 'a' implicitly has an 'any' type.
src/components/laboratory/TestCatalogManagement.tsx(248,19): error TS7006: Parameter 'b' implicitly has an 'any' type.
src/components/laboratory/TestCatalogManagement.tsx(257,16): error TS7006: Parameter 'a' implicitly has an 'any' type.
src/components/laboratory/TestCatalogManagement.tsx(257,19): error TS7006: Parameter 'b' implicitly has an 'any' type.
src/components/laboratory/TestCatalogManagement.tsx(266,16): error TS7006: Parameter 'a' implicitly has an 'any' type.
src/components/laboratory/TestCatalogManagement.tsx(266,19): error TS7006: Parameter 'b' implicitly has an 'any' type.
src/components/laboratory/TestCatalogManagement.tsx(284,18): error TS7006: Parameter 'value' implicitly has an 'any' type.
src/components/laboratory/TestCatalogManagement.tsx(284,25): error TS7006: Parameter 'record' implicitly has an 'any' type.
src/components/laboratory/TestCatalogManagement.tsx(290,16): error TS7006: Parameter '_' implicitly has an 'any' type.
src/components/laboratory/TestCatalogManagement.tsx(352,28): error TS7006: Parameter 'input' implicitly has an 'any' type.
src/components/laboratory/TestCatalogManagement.tsx(352,35): error TS7006: Parameter 'option' implicitly has an 'any' type.
src/components/laboratory/TestCatalogManagement.tsx(428,134): error TS7006: Parameter 'input' implicitly has an 'any' type.
src/components/laboratory/TestCatalogManagement.tsx(428,141): error TS7006: Parameter 'option' implicitly has an 'any' type.
src/components/opd/OPDAppointmentList.tsx(70,23): error TS18046: 'checkInData' is of type 'unknown'.
src/components/opd/OPDAppointmentList.tsx(71,22): error TS18046: 'cancelData' is of type 'unknown'.
src/components/opd/OPDAppointmentList.tsx(98,25): error TS2345: Argument of type 'unknown' is not assignable to parameter of type 'SetStateAction<Appointment[]>'.
src/components/opd/OPDConsultationForm.tsx(121,25): error TS18046: 'prescribeData' is of type 'unknown'.
src/components/opd/OPDConsultationForm.tsx(122,26): error TS18046: 'orderData' is of type 'unknown'.
src/components/opd/OPDConsultationForm.tsx(144,21): error TS2345: Argument of type 'unknown' is not assignable to parameter of type 'SetStateAction<Patient[]>'.
src/components/opd/OPDConsultationForm.tsx(220,41): error TS18046: 'result' is of type 'unknown'.
src/components/opd/OPDPatientQueue.tsx(60,27): error TS18046: 'callData' is of type 'unknown'.
src/components/opd/OPDPatientQueue.tsx(61,28): error TS18046: 'completeData' is of type 'unknown'.
src/components/opd/OPDPatientQueue.tsx(89,21): error TS2345: Argument of type 'unknown' is not assignable to parameter of type 'SetStateAction<Patient[]>'.
src/components/opd/OPDStatistics.tsx(43,23): error TS2345: Argument of type 'unknown' is not assignable to parameter of type 'SetStateAction<StatisticsData | null>'.
src/components/ot/OTBillingItems.tsx(81,25): error TS2345: Argument of type '({ id: string; date: string; description: string; category: string; amount: number; status: string; surgery_id: string; invoice_id?: undefined; } | { id: string; date: string; description: string; category: string; amount: number; status: string; surgery_id: string; invoice_id: string; })[]' is not assignable to parameter of type 'SetStateAction<never[]>'.
  Type '({ id: string; date: string; description: string; category: string; amount: number; status: string; surgery_id: string; invoice_id?: undefined; } | { id: string; date: string; description: string; category: string; amount: number; status: string; surgery_id: string; invoice_id: string; })[]' is not assignable to type 'never[]'.
    Type '{ id: string; date: string; description: string; category: string; amount: number; status: string; surgery_id: string; invoice_id?: undefined; } | { id: string; date: string; description: string; category: string; amount: number; status: string; surgery_id: string; invoice_id: string; }' is not assignable to type 'never'.
      Type '{ id: string; date: string; description: string; category: string; amount: number; status: string; surgery_id: string; invoice_id?: undefined; }' is not assignable to type 'never'.
src/components/ot/OTBookingList.tsx(134,6): error TS2304: Cannot find name 'Card'.
src/components/ot/OTBookingList.tsx(135,8): error TS2304: Cannot find name 'CardContent'.
src/components/ot/OTBookingList.tsx(222,9): error TS2304: Cannot find name 'CardContent'.
src/components/ot/OTBookingList.tsx(223,7): error TS2304: Cannot find name 'Card'.
src/components/ot/OTChecklistTemplateList.tsx(105,6): error TS2304: Cannot find name 'Card'.
src/components/ot/OTChecklistTemplateList.tsx(106,8): error TS2304: Cannot find name 'CardContent'.
src/components/ot/OTChecklistTemplateList.tsx(146,9): error TS2304: Cannot find name 'CardContent'.
src/components/ot/OTChecklistTemplateList.tsx(147,7): error TS2304: Cannot find name 'Card'.
src/components/ot/OTPatientSurgeries.tsx(59,22): error TS2345: Argument of type '{ id: string; scheduled_start_time: string; scheduled_end_time: string; status: string; surgery_name: string; theatre_name: string; surgeon_name: string; }[]' is not assignable to parameter of type 'SetStateAction<never[]>'.
  Type '{ id: string; scheduled_start_time: string; scheduled_end_time: string; status: string; surgery_name: string; theatre_name: string; surgeon_name: string; }[]' is not assignable to type 'never[]'.
    Type '{ id: string; scheduled_start_time: string; scheduled_end_time: string; status: string; surgery_name: string; theatre_name: string; surgeon_name: string; }' is not assignable to type 'never'.
src/components/ot/OTSurgeryTypeList.tsx(85,6): error TS2304: Cannot find name 'Card'.
src/components/ot/OTSurgeryTypeList.tsx(86,8): error TS2304: Cannot find name 'CardContent'.
src/components/ot/OTSurgeryTypeList.tsx(128,9): error TS2304: Cannot find name 'CardContent'.
src/components/ot/OTSurgeryTypeList.tsx(129,7): error TS2304: Cannot find name 'Card'.
src/components/ot/OTTheatreList.tsx(95,6): error TS2304: Cannot find name 'Card'.
src/components/ot/OTTheatreList.tsx(96,8): error TS2304: Cannot find name 'CardContent'.
src/components/ot/OTTheatreList.tsx(143,9): error TS2304: Cannot find name 'CardContent'.
src/components/ot/OTTheatreList.tsx(144,7): error TS2304: Cannot find name 'Card'.
src/components/pharmacy/BillingPharmacyIntegration.tsx(72,45): error TS18046: 'data' is of type 'unknown'.
src/components/pharmacy/BillingPharmacyIntegration.tsx(145,25): error TS18046: 'errorData' is of type 'unknown'.
src/components/pharmacy/OPDPharmacyIntegration.tsx(220,9): error TS2353: Object literal may only specify known properties, and 'source' does not exist in type 'FormData'.
src/components/radiology/CreateModalityModal.tsx(11,47): error TS7031: Binding element 'onClose' implicitly has an 'any' type.
src/components/radiology/CreateModalityModal.tsx(11,56): error TS7031: Binding element 'onSubmit' implicitly has an 'any' type.
src/components/radiology/CreateModalityModal.tsx(17,31): error TS7006: Parameter 'e' implicitly has an 'any' type.
src/components/radiology/CreateProcedureTypeModal.tsx(11,52): error TS7031: Binding element 'onClose' implicitly has an 'any' type.
src/components/radiology/CreateProcedureTypeModal.tsx(11,61): error TS7031: Binding element 'onSubmit' implicitly has an 'any' type.
src/components/radiology/CreateProcedureTypeModal.tsx(17,31): error TS7006: Parameter 'e' implicitly has an 'any' type.
src/components/radiology/CreateRadiologyOrderModal.tsx(79,21): error TS18046: 'patientsData' is of type 'unknown'.
src/components/radiology/CreateRadiologyOrderModal.tsx(80,27): error TS18046: 'proceduresData' is of type 'unknown'.
src/components/radiology/CreateRadiologyOrderModal.tsx(81,20): error TS18046: 'doctorsData' is of type 'unknown'.
src/components/radiology/CreateRadiologyReportModal.tsx(12,54): error TS7031: Binding element 'onClose' implicitly has an 'any' type.
src/components/radiology/CreateRadiologyReportModal.tsx(12,63): error TS7031: Binding element 'onSubmit' implicitly has an 'any' type.
src/components/radiology/CreateRadiologyReportModal.tsx(12,73): error TS7031: Binding element 'studyId' implicitly has an 'any' type.
src/components/radiology/CreateRadiologyReportModal.tsx(33,25): error TS2345: Argument of type 'unknown' is not assignable to parameter of type 'SetStateAction<never[]>'.
src/components/radiology/CreateRadiologyReportModal.tsx(36,28): error TS2339: Property 'role' does not exist on type '{ name?: string | null | undefined; email?: string | null | undefined; image?: string | null | undefined; }'.
src/components/radiology/CreateRadiologyReportModal.tsx(37,41): error TS2339: Property 'id' does not exist on type '{ name?: string | null | undefined; email?: string | null | undefined; image?: string | null | undefined; }'.
src/components/radiology/CreateRadiologyReportModal.tsx(42,18): error TS2345: Argument of type '"Failed to load radiologists. Please try again."' is not assignable to parameter of type 'SetStateAction<null>'.
src/components/radiology/CreateRadiologyReportModal.tsx(50,31): error TS7006: Parameter 'e' implicitly has an 'any' type.
src/components/radiology/CreateRadiologyReportModal.tsx(85,114): error TS2339: Property 'role' does not exist on type '{ name?: string | null | undefined; email?: string | null | undefined; image?: string | null | undefined; }'.
src/components/radiology/CreateRadiologyReportModal.tsx(91,44): error TS2339: Property 'id' does not exist on type 'never'.
src/components/radiology/CreateRadiologyReportModal.tsx(91,59): error TS2339: Property 'id' does not exist on type 'never'.
src/components/radiology/CreateRadiologyReportModal.tsx(92,30): error TS2339: Property 'name' does not exist on type 'never'.
src/components/radiology/CreateRadiologyStudyModal.tsx(12,53): error TS7031: Binding element 'onClose' implicitly has an 'any' type.
src/components/radiology/CreateRadiologyStudyModal.tsx(12,62): error TS7031: Binding element 'onSubmit' implicitly has an 'any' type.
src/components/radiology/CreateRadiologyStudyModal.tsx(12,72): error TS7031: Binding element 'orderId' implicitly has an 'any' type.
src/components/radiology/CreateRadiologyStudyModal.tsx(43,23): error TS2345: Argument of type 'unknown' is not assignable to parameter of type 'SetStateAction<never[]>'.
src/components/radiology/CreateRadiologyStudyModal.tsx(44,24): error TS2345: Argument of type 'unknown' is not assignable to parameter of type 'SetStateAction<never[]>'.
src/components/radiology/CreateRadiologyStudyModal.tsx(51,18): error TS2345: Argument of type '"Failed to load necessary data. Please try again."' is not assignable to parameter of type 'SetStateAction<null>'.
src/components/radiology/CreateRadiologyStudyModal.tsx(59,31): error TS7006: Parameter 'e' implicitly has an 'any' type.
src/components/radiology/CreateRadiologyStudyModal.tsx(127,49): error TS2339: Property 'id' does not exist on type 'never'.
src/components/radiology/CreateRadiologyStudyModal.tsx(127,69): error TS2339: Property 'id' does not exist on type 'never'.
src/components/radiology/CreateRadiologyStudyModal.tsx(128,35): error TS2339: Property 'name' does not exist on type 'never'.
src/components/radiology/CreateRadiologyStudyModal.tsx(143,45): error TS2339: Property 'id' does not exist on type 'never'.
src/components/radiology/CreateRadiologyStudyModal.tsx(143,61): error TS2339: Property 'id' does not exist on type 'never'.
src/components/radiology/CreateRadiologyStudyModal.tsx(144,31): error TS2339: Property 'name' does not exist on type 'never'.
src/components/radiology/RadiologyOrderDetail.tsx(63,27): error TS18046: 'errorData' is of type 'unknown'.
src/components/radiology/RadiologyOrderDetail.tsx(93,25): error TS18046: 'errorData' is of type 'unknown'.
src/components/radiology/RadiologyOrderDetail.tsx(119,25): error TS18046: 'errorData' is of type 'unknown'.
src/components/radiology/RadiologyOrderList.tsx(31,17): error TS2345: Argument of type 'unknown' is not assignable to parameter of type 'SetStateAction<never[]>'.
src/components/radiology/RadiologyOrderList.tsx(35,16): error TS2345: Argument of type '"Failed to load radiology orders. Please try again later."' is not assignable to parameter of type 'SetStateAction<null>'.
src/components/radiology/RadiologyOrderList.tsx(41,28): error TS7006: Parameter 'orderId' implicitly has an 'any' type.
src/components/radiology/RadiologyOrderList.tsx(45,36): error TS7006: Parameter 'orderData' implicitly has an 'any' type.
src/components/radiology/RadiologyOrderList.tsx(57,25): error TS18046: 'errorData' is of type 'unknown'.
src/components/radiology/RadiologyOrderList.tsx(64,13): error TS18046: 'err' is of type 'unknown'.
src/components/radiology/RadiologyOrderList.tsx(68,27): error TS7006: Parameter 'status' implicitly has an 'any' type.
src/components/radiology/RadiologyOrderList.tsx(78,25): error TS7053: Element implicitly has an 'any' type because expression of type 'any' can't be used to index type '{ pending: string; scheduled: string; in_progress: string; completed: string; cancelled: string; }'.
src/components/radiology/RadiologyOrderList.tsx(117,40): error TS2339: Property 'id' does not exist on type 'never'.
src/components/radiology/RadiologyOrderList.tsx(118,39): error TS2339: Property 'patient_name' does not exist on type 'never'.
src/components/radiology/RadiologyOrderList.tsx(119,39): error TS2339: Property 'procedure_name' does not exist on type 'never'.
src/components/radiology/RadiologyOrderList.tsx(120,48): error TS2339: Property 'order_datetime' does not exist on type 'never'.
src/components/radiology/RadiologyOrderList.tsx(122,45): error TS2339: Property 'priority' does not exist on type 'never'.
src/components/radiology/RadiologyOrderList.tsx(123,32): error TS2339: Property 'priority' does not exist on type 'never'.
src/components/radiology/RadiologyOrderList.tsx(126,54): error TS2339: Property 'status' does not exist on type 'never'.
src/components/radiology/RadiologyOrderList.tsx(128,96): error TS2339: Property 'id' does not exist on type 'never'.
src/components/radiology/RadiologyReportsList.tsx(29,18): error TS2345: Argument of type 'unknown' is not assignable to parameter of type 'SetStateAction<never[]>'.
src/components/radiology/RadiologyReportsList.tsx(33,16): error TS2345: Argument of type '"Failed to load radiology reports. Please try again later."' is not assignable to parameter of type 'SetStateAction<null>'.
src/components/radiology/RadiologyReportsList.tsx(39,29): error TS7006: Parameter 'reportId' implicitly has an 'any' type.
src/components/radiology/RadiologyReportsList.tsx(43,27): error TS7006: Parameter 'status' implicitly has an 'any' type.
src/components/radiology/RadiologyReportsList.tsx(51,25): error TS7053: Element implicitly has an 'any' type because expression of type 'any' can't be used to index type '{ preliminary: string; final: string; addendum: string; }'.
src/components/radiology/RadiologyReportsList.tsx(88,41): error TS2339: Property 'id' does not exist on type 'never'.
src/components/radiology/RadiologyReportsList.tsx(89,40): error TS2339: Property 'patient_name' does not exist on type 'never'.
src/components/radiology/RadiologyReportsList.tsx(90,40): error TS2339: Property 'procedure_name' does not exist on type 'never'.
src/components/radiology/RadiologyReportsList.tsx(91,40): error TS2339: Property 'accession_number' does not exist on type 'never'.
src/components/radiology/RadiologyReportsList.tsx(92,40): error TS2339: Property 'radiologist_name' does not exist on type 'never'.
src/components/radiology/RadiologyReportsList.tsx(93,49): error TS2339: Property 'report_datetime' does not exist on type 'never'.
src/components/radiology/RadiologyReportsList.tsx(94,55): error TS2339: Property 'status' does not exist on type 'never'.
src/components/radiology/RadiologyReportsList.tsx(96,98): error TS2339: Property 'id' does not exist on type 'never'.
src/components/radiology/RadiologySettings.tsx(9,36): error TS2614: Module '"./CreateProcedureTypeModal"' has no exported member 'ProcedureTypeFormData'. Did you mean to use 'import ProcedureTypeFormData from "./CreateProcedureTypeModal"' instead?
src/components/radiology/RadiologySettings.tsx(10,31): error TS2614: Module '"./CreateModalityModal"' has no exported member 'ModalityFormData'. Did you mean to use 'import ModalityFormData from "./CreateModalityModal"' instead?
src/components/radiology/RadiologySettings.tsx(51,25): error TS18046: 'errorData' is of type 'unknown'.
src/components/radiology/RadiologySettings.tsx(72,25): error TS18046: 'errorData' is of type 'unknown'.
src/components/radiology/RadiologySettings.tsx(98,25): error TS18046: 'errorData' is of type 'unknown'.
src/components/radiology/RadiologySettings.tsx(123,25): error TS18046: 'errorData' is of type 'unknown'.
src/components/radiology/RadiologySettings.tsx(237,11): error TS2322: Type '{ isOpen: true; onClose: () => void; onSubmit: (procedureData: ProcedureTypeFormData) => Promise<void>; }' is not assignable to type 'IntrinsicAttributes & { onClose: any; onSubmit: any; }'.
  Property 'isOpen' does not exist on type 'IntrinsicAttributes & { onClose: any; onSubmit: any; }'.
src/components/radiology/RadiologySettings.tsx(245,11): error TS2322: Type '{ isOpen: true; onClose: () => void; onSubmit: (modalityData: ModalityFormData) => Promise<void>; }' is not assignable to type 'IntrinsicAttributes & { onClose: any; onSubmit: any; }'.
  Property 'isOpen' does not exist on type 'IntrinsicAttributes & { onClose: any; onSubmit: any; }'.
src/components/radiology/RadiologyStudyDetail.tsx(254,11): error TS2322: Type '{ isOpen: true; onClose: () => void; onSubmit: (formData: Omit<ReportData, "study_id" | "radiologist_id">) => Promise<void>; studyId: string; patientName: string; procedureName: string; }' is not assignable to type 'IntrinsicAttributes & { onClose: any; onSubmit: any; studyId: any; }'.
  Property 'isOpen' does not exist on type 'IntrinsicAttributes & { onClose: any; onSubmit: any; studyId: any; }'.
src/components/ui/calendar.tsx(47,9): error TS2353: Object literal may only specify known properties, and 'IconLeft' does not exist in type 'Partial<CustomComponents>'.
src/lib/ipd.ts(23,27): error TS2339: Property 'query' does not exist on type 'Promise<{ query: (sql: string, params?: any[] | undefined) => Promise<{ rows: never[]; }>; prepare: (sql: string) => { bind: (...params: any[]) => { run: () => Promise<{ success: boolean; meta: { duration: number; }; }>; all: () => Promise<...>; first: (colName?: string | undefined) => Promise<...>; }; run: () => Pr...'.
src/lib/ipd.ts(31,27): error TS2339: Property 'query' does not exist on type 'Promise<{ query: (sql: string, params?: any[] | undefined) => Promise<{ rows: never[]; }>; prepare: (sql: string) => { bind: (...params: any[]) => { run: () => Promise<{ success: boolean; meta: { duration: number; }; }>; all: () => Promise<...>; first: (colName?: string | undefined) => Promise<...>; }; run: () => Pr...'.
src/lib/ipd.ts(40,12): error TS2339: Property 'query' does not exist on type 'Promise<{ query: (sql: string, params?: any[] | undefined) => Promise<{ rows: never[]; }>; prepare: (sql: string) => { bind: (...params: any[]) => { run: () => Promise<{ success: boolean; meta: { duration: number; }; }>; all: () => Promise<...>; first: (colName?: string | undefined) => Promise<...>; }; run: () => Pr...'.
src/lib/ipd.ts(55,12): error TS2339: Property 'query' does not exist on type 'Promise<{ query: (sql: string, params?: any[] | undefined) => Promise<{ rows: never[]; }>; prepare: (sql: string) => { bind: (...params: any[]) => { run: () => Promise<{ success: boolean; meta: { duration: number; }; }>; all: () => Promise<...>; first: (colName?: string | undefined) => Promise<...>; }; run: () => Pr...'.
src/lib/session.ts(64,33): error TS2339: Property 'query' does not exist on type 'Promise<{ query: (sql: string, params?: any[] | undefined) => Promise<{ rows: never[]; }>; prepare: (sql: string) => { bind: (...params: any[]) => { run: () => Promise<{ success: boolean; meta: { duration: number; }; }>; all: () => Promise<...>; first: (colName?: string | undefined) => Promise<...>; }; run: () => Pr...'.
