home/ubuntu/logs_and_configs/OPDConsultationForm.tsx(289,6): error TS17008: JSX element 'div' has no corresponding closing tag.
home/ubuntu/logs_and_configs/OPDConsultationForm.tsx(306,10): error TS17008: JSX element 'Form' has no corresponding closing tag.
home/ubuntu/logs_and_configs/OPDConsultationForm.tsx(307,12): error TS17008: JSX element 'form' has no corresponding closing tag.
home/ubuntu/logs_and_configs/OPDConsultationForm.tsx(308,14): error TS17008: JSX element 'Tabs' has no corresponding closing tag.
home/ubuntu/logs_and_configs/OPDConsultationForm.tsx(411,16): error TS17008: JSX element 'TabsContent' has no corresponding closing tag.
home/ubuntu/logs_and_configs/OPDConsultationForm.tsx(412,18): error TS17008: JSX element 'Card' has no corresponding closing tag.
home/ubuntu/logs_and_configs/OPDConsultationForm.tsx(413,20): error TS17008: JSX element 'CardContent' has no corresponding closing tag.
home/ubuntu/logs_and_configs/OPDConsultationForm.tsx(415,24): error TS17008: JSX element 'div' has no corresponding closing tag.
home/ubuntu/logs_and_configs/OPDConsultationForm.tsx(443,73): error TS1002: Unterminated string literal.
home/ubuntu/logs_and_configs/OPDConsultationForm.tsx(443,73): error TS1005: '</' expected.
home/ubuntu/logs_and_configs/OPDPharmacyIntegration.tsx(287,6): error TS17008: JSX element 'div' has no corresponding closing tag.
home/ubuntu/logs_and_configs/OPDPharmacyIntegration.tsx(311,8): error TS17008: JSX element 'div' has no corresponding closing tag.
home/ubuntu/logs_and_configs/OPDPharmacyIntegration.tsx(312,10): error TS17008: JSX element 'form' has no corresponding closing tag.
home/ubuntu/logs_and_configs/OPDPharmacyIntegration.tsx(334,14): error TS17008: JSX element 'div' has no corresponding closing tag.
home/ubuntu/logs_and_configs/OPDPharmacyIntegration.tsx(336,16): error TS17008: JSX element 'div' has no corresponding closing tag.
home/ubuntu/logs_and_configs/OPDPharmacyIntegration.tsx(337,18): error TS17008: JSX element 'table' has no corresponding closing tag.
home/ubuntu/logs_and_configs/OPDPharmacyIntegration.tsx(349,20): error TS17008: JSX element 'tbody' has no corresponding closing tag.
home/ubuntu/logs_and_configs/OPDPharmacyIntegration.tsx(351,24): error TS17008: JSX element 'tr' has no corresponding closing tag.
home/ubuntu/logs_and_configs/OPDPharmacyIntegration.tsx(389,26): error TS17008: JSX element 'td' has no corresponding closing tag.
home/ubuntu/logs_and_configs/OPDPharmacyIntegration.tsx(396,1): error TS1003: Identifier expected.
home/ubuntu/logs_and_configs/OPDPharmacyIntegration.tsx(396,73): error TS1005: '</' expected.
home/ubuntu/logs_and_configs/ResultManagement.tsx(455,6): error TS17008: JSX element 'div' has no corresponding closing tag.
home/ubuntu/logs_and_configs/ResultManagement.tsx(456,8): error TS17008: JSX element 'Card' has no corresponding closing tag.
home/ubuntu/logs_and_configs/ResultManagement.tsx(471,10): error TS17008: JSX element 'div' has no corresponding closing tag.
home/ubuntu/logs_and_configs/ResultManagement.tsx(504,10): error TS1005: ',' expected.
home/ubuntu/logs_and_configs/ResultManagement.tsx(504,20): error TS1005: ',' expected.
home/ubuntu/logs_and_configs/ResultManagement.tsx(504,24): error TS1005: ',' expected.
home/ubuntu/logs_and_configs/ResultManagement.tsx(504,27): error TS1005: ',' expected.
home/ubuntu/logs_and_configs/ResultManagement.tsx(504,32): error TS1005: ',' expected.
home/ubuntu/logs_and_configs/ResultManagement.tsx(504,43): error TS1005: ',' expected.
home/ubuntu/logs_and_configs/ResultManagement.tsx(504,48): error TS1005: ',' expected.
home/ubuntu/logs_and_configs/ResultManagement.tsx(504,55): error TS1005: ',' expected.
home/ubuntu/logs_and_configs/ResultManagement.tsx(504,58): error TS1005: ',' expected.
home/ubuntu/logs_and_configs/ResultManagement.tsx(504,73): error TS1005: '</' expected.
home/ubuntu/logs_and_configs/ResultManagement.tsx(504,73): error TS1005: '}' expected.
home/ubuntu/logs_and_configs/SampleManagement.tsx(326,6): error TS17008: JSX element 'div' has no corresponding closing tag.
home/ubuntu/logs_and_configs/SampleManagement.tsx(413,8): error TS17008: JSX element 'Modal' has no corresponding closing tag.
home/ubuntu/logs_and_configs/SampleManagement.tsx(420,10): error TS17008: JSX element 'Form' has no corresponding closing tag.
home/ubuntu/logs_and_configs/SampleManagement.tsx(435,12): error TS17008: JSX element 'Form.Item' has no corresponding closing tag.
home/ubuntu/logs_and_configs/SampleManagement.tsx(440,14): error TS17008: JSX element 'Select' has no corresponding closing tag.
home/ubuntu/logs_and_configs/SampleManagement.tsx(449,1): error TS1003: Identifier expected.
home/ubuntu/logs_and_configs/SampleManagement.tsx(449,73): error TS1005: '</' expected.
home/ubuntu/logs_and_configs/page.tsx(186,6): error TS17008: JSX element 'div' has no corresponding closing tag.
home/ubuntu/logs_and_configs/page.tsx(209,8): error TS17008: JSX element 'div' has no corresponding closing tag.
home/ubuntu/logs_and_configs/page.tsx(210,10): error TS17008: JSX element 'form' has no corresponding closing tag.
home/ubuntu/logs_and_configs/page.tsx(434,12): error TS17008: JSX element 'div' has no corresponding closing tag.
home/ubuntu/logs_and_configs/page.tsx(446,1): error TS1003: Identifier expected.
home/ubuntu/logs_and_configs/page.tsx(446,73): error TS1005: '</' expected.
src/app/api/ipd/[admissionId]/progress-notes/route.ts(69,60): error TS1128: Declaration or statement expected.
src/app/api/laboratory/categories/route.ts(12,47): error TS1434: Unexpected keyword or identifier.
src/app/api/laboratory/categories/route.ts(12,48): error TS1128: Declaration or statement expected.
src/app/api/laboratory/categories/route.ts(88,1): error TS1005: '}' expected.
