
> shlokam-hms@0.1.0 build
> next build

  ▲ Next.js 14.2.28

   Creating an optimized production build ...
 ✓ Compiled successfully
   Linting and checking validity of types ...
 ⨯ ESLint: Cannot use 'in' operator to search for 'type' in undefined Occurred while linting /home/ubuntu/hms_repo/src/components/radiology/RadiologyOrderDetail.tsx:1 Rule: "@typescript-eslint/no-unused-vars"
   Collecting page data ...
 ⚠ Using edge runtime on a page currently disables static generation for that page
   Generating static pages (0/55) ...
Authentication function 'getCurrentUser' is not implemented yet.
Error fetching user info: n [Error]: Dynamic server usage: Route /api/auth/me couldn't be rendered statically because it used `cookies`. See more info here: https://nextjs.org/docs/messages/dynamic-server-error
    at l (/home/ubuntu/hms_repo/.next/server/chunks/8948.js:1:37208)
    at Object.f (/home/ubuntu/hms_repo/.next/server/app/api/auth/me/route.js:1:3504)
    at a (/home/ubuntu/hms_repo/.next/server/app/api/auth/me/route.js:1:8532)
    at c (/home/ubuntu/hms_repo/.next/server/app/api/auth/me/route.js:1:824)
    at /home/ubuntu/hms_repo/node_modules/next/dist/compiled/next-server/app-route.runtime.prod.js:6:38417
    at /home/ubuntu/hms_repo/node_modules/next/dist/server/lib/trace/tracer.js:140:36
    at NoopContextManager.with (/home/ubuntu/hms_repo/node_modules/next/dist/compiled/@opentelemetry/api/index.js:1:7062)
    at ContextAPI.with (/home/ubuntu/hms_repo/node_modules/next/dist/compiled/@opentelemetry/api/index.js:1:518)
    at NoopTracer.startActiveSpan (/home/ubuntu/hms_repo/node_modules/next/dist/compiled/@opentelemetry/api/index.js:1:18093)
    at ProxyTracer.startActiveSpan (/home/ubuntu/hms_repo/node_modules/next/dist/compiled/@opentelemetry/api/index.js:1:18854) {
  description: "Route /api/auth/me couldn't be rendered statically because it used `cookies`. See more info here: https://nextjs.org/docs/messages/dynamic-server-error",
  digest: 'DYNAMIC_SERVER_USAGE'
}
Error fetching IPD stats: n [Error]: Dynamic server usage: Route /api/dashboard/ipd-stats couldn't be rendered statically because it used `cookies`. See more info here: https://nextjs.org/docs/messages/dynamic-server-error
    at l (/home/ubuntu/hms_repo/.next/server/chunks/8948.js:1:37208)
    at f (/home/ubuntu/hms_repo/.next/server/app/api/auth/login/route.js:1:3713)
    at o (/home/ubuntu/hms_repo/.next/server/app/api/dashboard/ipd-stats/route.js:21:2709)
    at l (/home/ubuntu/hms_repo/.next/server/app/api/dashboard/ipd-stats/route.js:1:946)
    at /home/ubuntu/hms_repo/node_modules/next/dist/compiled/next-server/app-route.runtime.prod.js:6:38417
    at /home/ubuntu/hms_repo/node_modules/next/dist/server/lib/trace/tracer.js:140:36
    at NoopContextManager.with (/home/ubuntu/hms_repo/node_modules/next/dist/compiled/@opentelemetry/api/index.js:1:7062)
    at ContextAPI.with (/home/ubuntu/hms_repo/node_modules/next/dist/compiled/@opentelemetry/api/index.js:1:518)
    at NoopTracer.startActiveSpan (/home/ubuntu/hms_repo/node_modules/next/dist/compiled/@opentelemetry/api/index.js:1:18093)
    at ProxyTracer.startActiveSpan (/home/ubuntu/hms_repo/node_modules/next/dist/compiled/@opentelemetry/api/index.js:1:18854) {
  description: "Route /api/dashboard/ipd-stats couldn't be rendered statically because it used `cookies`. See more info here: https://nextjs.org/docs/messages/dynamic-server-error",
  digest: 'DYNAMIC_SERVER_USAGE'
}
   Generating static pages (13/55) 
   Generating static pages (27/55) 
   Generating static pages (41/55) 
ReferenceError: React is not defined
    at f (/home/ubuntu/hms_repo/.next/server/app/ipd/page.js:1:67449)
    at nj (/home/ubuntu/hms_repo/node_modules/next/dist/compiled/next-server/app-page.runtime.prod.js:12:46252)
    at nM (/home/ubuntu/hms_repo/node_modules/next/dist/compiled/next-server/app-page.runtime.prod.js:12:47572)
    at nN (/home/ubuntu/hms_repo/node_modules/next/dist/compiled/next-server/app-page.runtime.prod.js:12:64547)
    at nB (/home/ubuntu/hms_repo/node_modules/next/dist/compiled/next-server/app-page.runtime.prod.js:12:67539)
    at nM (/home/ubuntu/hms_repo/node_modules/next/dist/compiled/next-server/app-page.runtime.prod.js:12:58561)
    at nN (/home/ubuntu/hms_repo/node_modules/next/dist/compiled/next-server/app-page.runtime.prod.js:12:64547)
    at nI (/home/ubuntu/hms_repo/node_modules/next/dist/compiled/next-server/app-page.runtime.prod.js:12:47011)
    at nM (/home/ubuntu/hms_repo/node_modules/next/dist/compiled/next-server/app-page.runtime.prod.js:12:47718)
    at nN (/home/ubuntu/hms_repo/node_modules/next/dist/compiled/next-server/app-page.runtime.prod.js:12:64547) {
  digest: '171504212'
}

Error occurred prerendering page "/ipd". Read more: https://nextjs.org/docs/messages/prerender-error

ReferenceError: React is not defined
    at f (/home/ubuntu/hms_repo/.next/server/app/ipd/page.js:1:67449)
    at nj (/home/ubuntu/hms_repo/node_modules/next/dist/compiled/next-server/app-page.runtime.prod.js:12:46252)
    at nM (/home/ubuntu/hms_repo/node_modules/next/dist/compiled/next-server/app-page.runtime.prod.js:12:47572)
    at nN (/home/ubuntu/hms_repo/node_modules/next/dist/compiled/next-server/app-page.runtime.prod.js:12:64547)
    at nB (/home/ubuntu/hms_repo/node_modules/next/dist/compiled/next-server/app-page.runtime.prod.js:12:67539)
    at nM (/home/ubuntu/hms_repo/node_modules/next/dist/compiled/next-server/app-page.runtime.prod.js:12:58561)
    at nN (/home/ubuntu/hms_repo/node_modules/next/dist/compiled/next-server/app-page.runtime.prod.js:12:64547)
    at nI (/home/ubuntu/hms_repo/node_modules/next/dist/compiled/next-server/app-page.runtime.prod.js:12:47011)
    at nM (/home/ubuntu/hms_repo/node_modules/next/dist/compiled/next-server/app-page.runtime.prod.js:12:47718)
    at nN (/home/ubuntu/hms_repo/node_modules/next/dist/compiled/next-server/app-page.runtime.prod.js:12:64547)
Accessing Cloudflare bindings in Next.js API routes on Cloudflare Pages requires specific setup. This is a placeholder.
Cloudflare DB binding not found. Ensure the project is configured correctly for Cloudflare Pages/Workers.
 ✓ Generating static pages (55/55)

> Export encountered errors on following paths:
	/ipd/page: /ipd
