
/home/ubuntu/hms_repo/env.d.ts
   8:8   error    'T' is defined but never used             @typescript-eslint/no-unused-vars
  13:19  warning  Unexpected any. Specify a different type  @typescript-eslint/no-explicit-any
  24:10  warning  Unexpected any. Specify a different type  @typescript-eslint/no-explicit-any

/home/ubuntu/hms_repo/src/app/api/billing/categories/route.ts
  9:27  error  'request' is defined but never used  @typescript-eslint/no-unused-vars

/home/ubuntu/hms_repo/src/app/api/billing/invoices/route.ts
  109:19  warning  Unexpected any. Specify a different type  @typescript-eslint/no-explicit-any
  150:44  warning  Unexpected any. Specify a different type  @typescript-eslint/no-explicit-any
  209:19  warning  Unexpected any. Specify a different type  @typescript-eslint/no-explicit-any
  245:19  warning  Unexpected any. Specify a different type  @typescript-eslint/no-explicit-any

/home/ubuntu/hms_repo/src/app/api/billing/service-items/route.ts
  6:5  error  'mockServiceItems' is never reassigned. Use 'const' instead  prefer-const

/home/ubuntu/hms_repo/src/app/api/cloudflare-fix/route.ts
   6:7   warning  Unexpected any. Specify a different type  @typescript-eslint/no-explicit-any
  24:32  error    'request' is defined but never used       @typescript-eslint/no-unused-vars

/home/ubuntu/hms_repo/src/app/api/dashboard/ipd-stats/route.ts
   6:27  error    'request' is defined but never used       @typescript-eslint/no-unused-vars
  20:44  warning  Unexpected any. Specify a different type  @typescript-eslint/no-explicit-any
  28:41  warning  Unexpected any. Specify a different type  @typescript-eslint/no-explicit-any
  40:51  warning  Unexpected any. Specify a different type  @typescript-eslint/no-explicit-any

/home/ubuntu/hms_repo/src/app/api/er/visits/[id]/alerts/route.ts
    6:5   error    'mockAlerts' is never reassigned. Use 'const' instead  prefer-const
    6:17  warning  Unexpected any. Specify a different type               @typescript-eslint/no-explicit-any
   40:15  warning  Unexpected any. Specify a different type               @typescript-eslint/no-explicit-any
  106:15  warning  Unexpected any. Specify a different type               @typescript-eslint/no-explicit-any

/home/ubuntu/hms_repo/src/app/api/er/visits/[id]/route.ts
    6:17  warning  Unexpected any. Specify a different type  @typescript-eslint/no-explicit-any
   59:15  warning  Unexpected any. Specify a different type  @typescript-eslint/no-explicit-any
  122:24  warning  Unexpected any. Specify a different type  @typescript-eslint/no-explicit-any
  122:53  warning  Unexpected any. Specify a different type  @typescript-eslint/no-explicit-any
  141:15  warning  Unexpected any. Specify a different type  @typescript-eslint/no-explicit-any
  210:15  warning  Unexpected any. Specify a different type  @typescript-eslint/no-explicit-any

/home/ubuntu/hms_repo/src/app/api/er/visits/[id]/statuses/route.ts
  57:15  warning  Unexpected any. Specify a different type  @typescript-eslint/no-explicit-any

/home/ubuntu/hms_repo/src/app/api/er/visits/[id]/triage/route.ts
    6:5   error    'mockTriageAssessments' is never reassigned. Use 'const' instead  prefer-const
    6:28  warning  Unexpected any. Specify a different type                          @typescript-eslint/no-explicit-any
   12:31  warning  Unexpected any. Specify a different type                          @typescript-eslint/no-explicit-any
   40:15  warning  Unexpected any. Specify a different type                          @typescript-eslint/no-explicit-any
  111:15  warning  Unexpected any. Specify a different type                          @typescript-eslint/no-explicit-any

/home/ubuntu/hms_repo/src/app/api/er/visits/route.ts
    2:16  error    'uuidv4' is defined but never used                     @typescript-eslint/no-unused-vars
    5:5   error    'mockVisits' is never reassigned. Use 'const' instead  prefer-const
    5:17  warning  Unexpected any. Specify a different type               @typescript-eslint/no-explicit-any
   67:43  warning  Unexpected any. Specify a different type               @typescript-eslint/no-explicit-any
   74:16  error    'getERVisitByIdFromDB' is defined but never used       @typescript-eslint/no-unused-vars
  106:16  error    'updateERVisitInDB' is defined but never used          @typescript-eslint/no-unused-vars

/home/ubuntu/hms_repo/src/app/api/insurance/claims/route.ts
    2:16  error    'uuidv4' is defined but never used                       @typescript-eslint/no-unused-vars
    5:5   error    'mockClaims' is never reassigned. Use 'const' instead    prefer-const
    5:17  warning  Unexpected any. Specify a different type                 @typescript-eslint/no-explicit-any
   69:50  warning  Unexpected any. Specify a different type                 @typescript-eslint/no-explicit-any
   86:16  error    'getInsuranceClaimByIdFromDB' is defined but never used  @typescript-eslint/no-unused-vars
  118:16  error    'updateInsuranceClaimInDB' is defined but never used     @typescript-eslint/no-unused-vars

/home/ubuntu/hms_repo/src/app/api/insurance/policies/route.ts
    2:16  error    'uuidv4' is defined but never used                               @typescript-eslint/no-unused-vars
    5:5   error    'mockProviders' is assigned a value but never used               @typescript-eslint/no-unused-vars
    5:5   error    'mockProviders' is never reassigned. Use 'const' instead         prefer-const
    5:20  warning  Unexpected any. Specify a different type                         @typescript-eslint/no-explicit-any
    9:5   error    'nextProviderId' is assigned a value but never used              @typescript-eslint/no-unused-vars
    9:5   error    'nextProviderId' is never reassigned. Use 'const' instead        prefer-const
   12:5   error    'mockPolicies' is never reassigned. Use 'const' instead          prefer-const
   12:19  warning  Unexpected any. Specify a different type                         @typescript-eslint/no-explicit-any
   91:59  warning  Unexpected any. Specify a different type                         @typescript-eslint/no-explicit-any
  110:16  error    'getPatientInsurancePolicyByIdFromDB' is defined but never used  @typescript-eslint/no-unused-vars
  144:16  error    'updatePatientInsurancePolicyInDB' is defined but never used     @typescript-eslint/no-unused-vars
  152:24  warning  Unexpected any. Specify a different type                         @typescript-eslint/no-explicit-any

/home/ubuntu/hms_repo/src/app/api/insurance/pre-authorizations/route.ts
    2:16  error    'uuidv4' is defined but never used                         @typescript-eslint/no-unused-vars
    5:5   error    'mockPreAuths' is never reassigned. Use 'const' instead    prefer-const
    5:19  warning  Unexpected any. Specify a different type                   @typescript-eslint/no-explicit-any
   59:52  warning  Unexpected any. Specify a different type                   @typescript-eslint/no-explicit-any
   75:16  error    'getPreAuthorizationByIdFromDB' is defined but never used  @typescript-eslint/no-unused-vars
  106:16  error    'updatePreAuthorizationInDB' is defined but never used     @typescript-eslint/no-unused-vars

/home/ubuntu/hms_repo/src/app/api/insurance/providers/route.ts
   2:16  error    'uuidv4' is defined but never used                          @typescript-eslint/no-unused-vars
   5:5   error    'mockProviders' is never reassigned. Use 'const' instead    prefer-const
   5:20  warning  Unexpected any. Specify a different type                    @typescript-eslint/no-explicit-any
  32:53  warning  Unexpected any. Specify a different type                    @typescript-eslint/no-explicit-any
  44:16  error    'getInsuranceProviderByIdFromDB' is defined but never used  @typescript-eslint/no-unused-vars
  52:9   error    'now' is assigned a value but never used                    @typescript-eslint/no-unused-vars
  69:16  error    'updateInsuranceProviderInDB' is defined but never used     @typescript-eslint/no-unused-vars
  77:24  warning  Unexpected any. Specify a different type                    @typescript-eslint/no-explicit-any

/home/ubuntu/hms_repo/src/app/api/ipd/[admissionId]/progress-notes/route.ts
    1:23  error    'NextResponse' is defined but never used                @typescript-eslint/no-unused-vars
    3:10  error    'z' is defined but never used                           @typescript-eslint/no-unused-vars
   18:32  warning  Unexpected any. Specify a different type                @typescript-eslint/no-explicit-any
   19:37  warning  Unexpected any. Specify a different type                @typescript-eslint/no-explicit-any
   70:9   error    'queryParams' is never reassigned. Use 'const' instead  prefer-const
  194:14  warning  Unexpected any. Specify a different type                @typescript-eslint/no-explicit-any

/home/ubuntu/hms_repo/src/app/api/ipd/beds/route.ts
  34:19  warning  Unexpected any. Specify a different type  @typescript-eslint/no-explicit-any

/home/ubuntu/hms_repo/src/app/api/ipd/route.ts
  42:9   error    'conditions' is never reassigned. Use 'const' instead  prefer-const
  43:9   error    'params' is never reassigned. Use 'const' instead      prefer-const
  43:17  warning  Unexpected any. Specify a different type               @typescript-eslint/no-explicit-any

/home/ubuntu/hms_repo/src/app/api/laboratory/categories/route.ts
  12:27  error  'request' is defined but never used  @typescript-eslint/no-unused-vars

/home/ubuntu/hms_repo/src/app/api/laboratory/orders/route.ts
   54:21  warning  Unexpected any. Specify a different type   @typescript-eslint/no-explicit-any
   55:13  warning  Unexpected any. Specify a different type   @typescript-eslint/no-explicit-any
   61:44  warning  Unexpected any. Specify a different type   @typescript-eslint/no-explicit-any
   65:17  warning  Unexpected any. Specify a different type   @typescript-eslint/no-explicit-any
   83:16  error    'test' is assigned a value but never used  @typescript-eslint/no-unused-vars
  119:15  warning  Unexpected any. Specify a different type   @typescript-eslint/no-explicit-any
  120:19  warning  Unexpected any. Specify a different type   @typescript-eslint/no-explicit-any
  120:60  warning  Unexpected any. Specify a different type   @typescript-eslint/no-explicit-any
  122:19  warning  Unexpected any. Specify a different type   @typescript-eslint/no-explicit-any

/home/ubuntu/hms_repo/src/app/api/laboratory/results/route.ts
   51:11   error    'TestParameter' is defined but never used  @typescript-eslint/no-unused-vars
   57:11   error    'LabTest' is defined but never used        @typescript-eslint/no-unused-vars
   93:19   warning  Unexpected any. Specify a different type   @typescript-eslint/no-explicit-any
  163:21   warning  Unexpected any. Specify a different type   @typescript-eslint/no-explicit-any
  245:53   warning  Unexpected any. Specify a different type   @typescript-eslint/no-explicit-any
  250:130  warning  Unexpected any. Specify a different type   @typescript-eslint/no-explicit-any
  267:83   warning  Unexpected any. Specify a different type   @typescript-eslint/no-explicit-any

/home/ubuntu/hms_repo/src/app/api/laboratory/samples/route.ts
   67:19  warning  Unexpected any. Specify a different type  @typescript-eslint/no-explicit-any
  126:21  warning  Unexpected any. Specify a different type  @typescript-eslint/no-explicit-any

/home/ubuntu/hms_repo/src/app/api/laboratory/tests/route.ts
  35:19  warning  Unexpected any. Specify a different type  @typescript-eslint/no-explicit-any

/home/ubuntu/hms_repo/src/app/api/opd/appointments/route.ts
  29:47  warning  Unexpected any. Specify a different type  @typescript-eslint/no-explicit-any

/home/ubuntu/hms_repo/src/app/api/ot/bookings/[id]/checklist-responses/route.ts
  10:31  warning  Unexpected any. Specify a different type  @typescript-eslint/no-explicit-any

/home/ubuntu/hms_repo/src/app/api/ot/bookings/[id]/record/route.ts
   15:21  warning  Unexpected any. Specify a different type  @typescript-eslint/no-explicit-any
   16:27  warning  Unexpected any. Specify a different type  @typescript-eslint/no-explicit-any
  126:48  warning  Unexpected any. Specify a different type  @typescript-eslint/no-explicit-any

/home/ubuntu/hms_repo/src/app/api/ot/bookings/[id]/route.ts
   44:19  warning  Unexpected any. Specify a different type  @typescript-eslint/no-explicit-any
  102:19  warning  Unexpected any. Specify a different type  @typescript-eslint/no-explicit-any
  117:11  error    'now' is assigned a value but never used  @typescript-eslint/no-unused-vars
  129:19  warning  Unexpected any. Specify a different type  @typescript-eslint/no-explicit-any

/home/ubuntu/hms_repo/src/app/api/ot/bookings/[id]/staff/route.ts
  133:11  error  'info' is assigned a value but never used  @typescript-eslint/no-unused-vars

/home/ubuntu/hms_repo/src/app/api/ot/bookings/route.ts
  170:19  warning  Unexpected any. Specify a different type  @typescript-eslint/no-explicit-any

/home/ubuntu/hms_repo/src/app/api/ot/checklist-templates/[id]/route.ts
   76:44  warning  Unexpected any. Specify a different type  @typescript-eslint/no-explicit-any
  131:19  warning  Unexpected any. Specify a different type  @typescript-eslint/no-explicit-any
  160:19  warning  Unexpected any. Specify a different type  @typescript-eslint/no-explicit-any

/home/ubuntu/hms_repo/src/app/api/ot/checklist-templates/route.ts
  98:19  warning  Unexpected any. Specify a different type  @typescript-eslint/no-explicit-any

/home/ubuntu/hms_repo/src/app/api/ot/surgery-types/[id]/route.ts
   79:44  warning  Unexpected any. Specify a different type  @typescript-eslint/no-explicit-any
  127:19  warning  Unexpected any. Specify a different type  @typescript-eslint/no-explicit-any
  156:19  warning  Unexpected any. Specify a different type  @typescript-eslint/no-explicit-any

/home/ubuntu/hms_repo/src/app/api/ot/surgery-types/route.ts
  105:19  warning  Unexpected any. Specify a different type  @typescript-eslint/no-explicit-any

/home/ubuntu/hms_repo/src/app/api/ot/theatres/[id]/route.ts
   58:44  warning  Unexpected any. Specify a different type  @typescript-eslint/no-explicit-any
   92:19  warning  Unexpected any. Specify a different type  @typescript-eslint/no-explicit-any
  121:19  warning  Unexpected any. Specify a different type  @typescript-eslint/no-explicit-any

/home/ubuntu/hms_repo/src/app/api/ot/theatres/route.ts
  74:19  warning  Unexpected any. Specify a different type  @typescript-eslint/no-explicit-any

/home/ubuntu/hms_repo/src/app/api/patients/route.ts
   4:16  error  'uuidv4' is defined but never used                       @typescript-eslint/no-unused-vars
  37:5   error  'mockPatients' is never reassigned. Use 'const' instead  prefer-const

/home/ubuntu/hms_repo/src/app/api/pharmacy/dispensing/route.ts
   22:11  error  'DispensingRecordResult' is defined but never used  @typescript-eslint/no-unused-vars
  416:52  error  '_id' is defined but never used                     @typescript-eslint/no-unused-vars

/home/ubuntu/hms_repo/src/app/api/pharmacy/inventory/route.ts
    6:46  warning  Unexpected any. Specify a different type  @typescript-eslint/no-explicit-any
  258:61  warning  Unexpected any. Specify a different type  @typescript-eslint/no-explicit-any

/home/ubuntu/hms_repo/src/app/api/pharmacy/medications/route.ts
  6:11  error  'Medication' is defined but never used  @typescript-eslint/no-unused-vars

/home/ubuntu/hms_repo/src/app/api/radiology/modalities/route.ts
  27:15  warning  Unexpected any. Specify a different type  @typescript-eslint/no-explicit-any
  70:15  warning  Unexpected any. Specify a different type  @typescript-eslint/no-explicit-any

/home/ubuntu/hms_repo/src/app/api/radiology/orders/[id]/route.ts
   35:15  warning  Unexpected any. Specify a different type  @typescript-eslint/no-explicit-any
   59:44  warning  Unexpected any. Specify a different type  @typescript-eslint/no-explicit-any
   92:15  warning  Unexpected any. Specify a different type  @typescript-eslint/no-explicit-any
  135:15  warning  Unexpected any. Specify a different type  @typescript-eslint/no-explicit-any

/home/ubuntu/hms_repo/src/app/api/radiology/orders/route.ts
  194:16  error  'getRadiologyOrderByIdFromDB' is defined but never used  @typescript-eslint/no-unused-vars

/home/ubuntu/hms_repo/src/app/api/radiology/procedure-types/route.ts
  28:15  warning  Unexpected any. Specify a different type  @typescript-eslint/no-explicit-any
  71:15  warning  Unexpected any. Specify a different type  @typescript-eslint/no-explicit-any

/home/ubuntu/hms_repo/src/app/api/radiology/reports/[id]/route.ts
    3:22  error    'Session' is defined but never used        @typescript-eslint/no-unused-vars
    4:10  error    'checkUserRole' is defined but never used  @typescript-eslint/no-unused-vars
    9:19  warning  Unexpected any. Specify a different type   @typescript-eslint/no-explicit-any
   11:13  warning  Unexpected any. Specify a different type   @typescript-eslint/no-explicit-any
   12:15  warning  Unexpected any. Specify a different type   @typescript-eslint/no-explicit-any
   15:11  warning  Unexpected any. Specify a different type   @typescript-eslint/no-explicit-any
   16:13  warning  Unexpected any. Specify a different type   @typescript-eslint/no-explicit-any
  166:44  warning  Unexpected any. Specify a different type   @typescript-eslint/no-explicit-any
  196:11  error    'info' is assigned a value but never used  @typescript-eslint/no-unused-vars

/home/ubuntu/hms_repo/src/app/api/radiology/reports/route.ts
   5:22  error    'Session' is defined but never used        @typescript-eslint/no-unused-vars
   6:10  error    'checkUserRole' is defined but never used  @typescript-eslint/no-unused-vars
  11:19  warning  Unexpected any. Specify a different type   @typescript-eslint/no-explicit-any
  13:13  warning  Unexpected any. Specify a different type   @typescript-eslint/no-explicit-any
  14:15  warning  Unexpected any. Specify a different type   @typescript-eslint/no-explicit-any
  17:11  warning  Unexpected any. Specify a different type   @typescript-eslint/no-explicit-any
  18:13  warning  Unexpected any. Specify a different type   @typescript-eslint/no-explicit-any

/home/ubuntu/hms_repo/src/app/api/radiology/studies/[id]/route.ts
    3:22  error    'Session' is defined but never used        @typescript-eslint/no-unused-vars
    4:10  error    'checkUserRole' is defined but never used  @typescript-eslint/no-unused-vars
    8:19  warning  Unexpected any. Specify a different type   @typescript-eslint/no-explicit-any
   10:13  warning  Unexpected any. Specify a different type   @typescript-eslint/no-explicit-any
   11:15  warning  Unexpected any. Specify a different type   @typescript-eslint/no-explicit-any
   14:11  warning  Unexpected any. Specify a different type   @typescript-eslint/no-explicit-any
   15:13  warning  Unexpected any. Specify a different type   @typescript-eslint/no-explicit-any
  137:44  warning  Unexpected any. Specify a different type   @typescript-eslint/no-explicit-any

/home/ubuntu/hms_repo/src/app/api/radiology/studies/route.ts
   5:22  error    'Session' is defined but never used        @typescript-eslint/no-unused-vars
   6:10  error    'checkUserRole' is defined but never used  @typescript-eslint/no-unused-vars
  11:19  warning  Unexpected any. Specify a different type   @typescript-eslint/no-explicit-any
  13:13  warning  Unexpected any. Specify a different type   @typescript-eslint/no-explicit-any
  14:15  warning  Unexpected any. Specify a different type   @typescript-eslint/no-explicit-any
  17:11  warning  Unexpected any. Specify a different type   @typescript-eslint/no-explicit-any
  18:13  warning  Unexpected any. Specify a different type   @typescript-eslint/no-explicit-any

/home/ubuntu/hms_repo/src/app/dashboard/billing/create-invoice/page.tsx
   24:3   error  'Select' is defined but never used         @typescript-eslint/no-unused-vars
   25:3   error  'SelectContent' is defined but never used  @typescript-eslint/no-unused-vars
   26:3   error  'SelectItem' is defined but never used     @typescript-eslint/no-unused-vars
   27:3   error  'SelectTrigger' is defined but never used  @typescript-eslint/no-unused-vars
   28:3   error  'SelectValue' is defined but never used    @typescript-eslint/no-unused-vars
   43:10  error  'Skeleton' is defined but never used       @typescript-eslint/no-unused-vars
  252:18  error  'jsonError' is defined but never used      @typescript-eslint/no-unused-vars

/home/ubuntu/hms_repo/src/app/dashboard/billing/service-items/page.tsx
  260:18  error  'jsonError' is defined but never used  @typescript-eslint/no-unused-vars

/home/ubuntu/hms_repo/src/app/dashboard/layout.tsx
    4:8   error    'Image' is defined but never used                                                                                @typescript-eslint/no-unused-vars
    7:3   error    'Card' is defined but never used                                                                                 @typescript-eslint/no-unused-vars
    8:3   error    'CardContent' is defined but never used                                                                          @typescript-eslint/no-unused-vars
    9:3   error    'CardHeader' is defined but never used                                                                           @typescript-eslint/no-unused-vars
   10:3   error    'CardTitle' is defined but never used                                                                            @typescript-eslint/no-unused-vars
   13:10  error    'Input' is defined but never used                                                                                @typescript-eslint/no-unused-vars
   14:10  error    'Label' is defined but never used                                                                                @typescript-eslint/no-unused-vars
   15:10  error    'Tabs' is defined but never used                                                                                 @typescript-eslint/no-unused-vars
   15:16  error    'TabsContent' is defined but never used                                                                          @typescript-eslint/no-unused-vars
   15:29  error    'TabsList' is defined but never used                                                                             @typescript-eslint/no-unused-vars
   15:39  error    'TabsTrigger' is defined but never used                                                                          @typescript-eslint/no-unused-vars
   18:10  error    'Skeleton' is defined but never used                                                                             @typescript-eslint/no-unused-vars
  109:6   warning  React Hook useEffect has a missing dependency: 'handleLogout'. Either include it or remove the dependency array  react-hooks/exhaustive-deps
  120:13  error    'response' is assigned a value but never used                                                                    @typescript-eslint/no-unused-vars

/home/ubuntu/hms_repo/src/app/dashboard/ot/page.tsx
   3:27  error    'useEffect' is defined but never used        @typescript-eslint/no-unused-vars
   5:10  error    'Card' is defined but never used             @typescript-eslint/no-unused-vars
   5:16  error    'CardContent' is defined but never used      @typescript-eslint/no-unused-vars
   5:29  error    'CardDescription' is defined but never used  @typescript-eslint/no-unused-vars
   5:46  error    'CardHeader' is defined but never used       @typescript-eslint/no-unused-vars
   5:58  error    'CardTitle' is defined but never used        @typescript-eslint/no-unused-vars
  23:47  warning  Unexpected any. Specify a different type     @typescript-eslint/no-explicit-any

/home/ubuntu/hms_repo/src/app/ipd/page.tsx
  42:64  error  'patientId' is defined but never used  @typescript-eslint/no-unused-vars

/home/ubuntu/hms_repo/src/app/layout.tsx
   4:8   error  'Image' is defined but never used                    @typescript-eslint/no-unused-vars
   7:3   error  'Card' is defined but never used                     @typescript-eslint/no-unused-vars
   8:3   error  'CardContent' is defined but never used              @typescript-eslint/no-unused-vars
   9:3   error  'CardHeader' is defined but never used               @typescript-eslint/no-unused-vars
  10:3   error  'CardTitle' is defined but never used                @typescript-eslint/no-unused-vars
  12:10  error  'Button' is defined but never used                   @typescript-eslint/no-unused-vars
  13:10  error  'Input' is defined but never used                    @typescript-eslint/no-unused-vars
  14:10  error  'Label' is defined but never used                    @typescript-eslint/no-unused-vars
  15:10  error  'Tabs' is defined but never used                     @typescript-eslint/no-unused-vars
  15:16  error  'TabsContent' is defined but never used              @typescript-eslint/no-unused-vars
  15:29  error  'TabsList' is defined but never used                 @typescript-eslint/no-unused-vars
  15:39  error  'TabsTrigger' is defined but never used              @typescript-eslint/no-unused-vars
  16:8   error  'Logo' is defined but never used                     @typescript-eslint/no-unused-vars
  41:10  error  'userName' is assigned a value but never used        @typescript-eslint/no-unused-vars
  42:10  error  'userRole' is assigned a value but never used        @typescript-eslint/no-unused-vars
  43:10  error  'isLoadingUser' is assigned a value but never used   @typescript-eslint/no-unused-vars
  91:9   error  'toggleDarkMode' is assigned a value but never used  @typescript-eslint/no-unused-vars

/home/ubuntu/hms_repo/src/app/login/page.tsx
   5:8   error  'Image' is defined but never used      @typescript-eslint/no-unused-vars
  60:16  error  'jsonError' is defined but never used  @typescript-eslint/no-unused-vars

/home/ubuntu/hms_repo/src/app/pharmacy/medications/page.tsx
   87:20  error  'parseError' is defined but never used      @typescript-eslint/no-unused-vars
  277:17  error  Missing "key" prop for element in iterator  react/jsx-key
  282:23  error  Missing "key" prop for element in iterator  react/jsx-key
  304:21  error  Missing "key" prop for element in iterator  react/jsx-key
  307:27  error  Missing "key" prop for element in iterator  react/jsx-key

/home/ubuntu/hms_repo/src/components/billing/BillingPharmacyIntegration.tsx
  33:9  error  'router' is assigned a value but never used  @typescript-eslint/no-unused-vars

/home/ubuntu/hms_repo/src/components/er/ERCriticalAlerts.tsx
    4:20  error    'useEffect' is defined but never used     @typescript-eslint/no-unused-vars
   83:14  error    'error' is defined but never used         @typescript-eslint/no-unused-vars
   83:21  warning  Unexpected any. Specify a different type  @typescript-eslint/no-explicit-any
  101:14  error    'error' is defined but never used         @typescript-eslint/no-unused-vars
  101:21  warning  Unexpected any. Specify a different type  @typescript-eslint/no-explicit-any

/home/ubuntu/hms_repo/src/components/er/ERLabOrderModal.tsx
  139:25  warning  Unexpected any. Specify a different type  @typescript-eslint/no-explicit-any
  142:16  error    'jsonError' is defined but never used     @typescript-eslint/no-unused-vars

/home/ubuntu/hms_repo/src/components/er/ERPatientAdmitModal.tsx
  128:34  warning  Unexpected any. Specify a different type  @typescript-eslint/no-explicit-any
  131:16  error    'jsonError' is defined but never used     @typescript-eslint/no-unused-vars
  161:30  warning  Unexpected any. Specify a different type  @typescript-eslint/no-explicit-any
  164:16  error    'jsonError' is defined but never used     @typescript-eslint/no-unused-vars

/home/ubuntu/hms_repo/src/components/er/ERPatientTrackingBoard.tsx
  71:12  error  'e' is defined but never used  @typescript-eslint/no-unused-vars

/home/ubuntu/hms_repo/src/components/er/ERRadiologyOrderModal.tsx
  117:18  error    'jsonError' is defined but never used     @typescript-eslint/no-unused-vars
  143:21  warning  Unexpected any. Specify a different type  @typescript-eslint/no-explicit-any

/home/ubuntu/hms_repo/src/components/er/ERRegistrationModal.tsx
   62:11  error  'PatientResponse' is defined but never used  @typescript-eslint/no-unused-vars
  129:14  error  'error' is defined but never used            @typescript-eslint/no-unused-vars
  185:18  error  'jsonError' is defined but never used        @typescript-eslint/no-unused-vars

/home/ubuntu/hms_repo/src/components/er/ERTriageForm.tsx
   88:19  error  '_' is defined but never used          @typescript-eslint/no-unused-vars
  110:18  error  'jsonError' is defined but never used  @typescript-eslint/no-unused-vars

/home/ubuntu/hms_repo/src/components/ipd/AdmissionForm.tsx
  142:18  error  'jsonError' is defined but never used  @typescript-eslint/no-unused-vars

/home/ubuntu/hms_repo/src/components/ipd/BedManagementDashboard.tsx
   4:38  error  'ChangeEvent' is defined but never used  @typescript-eslint/no-unused-vars
  82:20  error  'jsonError' is defined but never used    @typescript-eslint/no-unused-vars

/home/ubuntu/hms_repo/src/components/ipd/DischargeSummary.tsx
  162:13  error  'submissionData' is assigned a value but never used  @typescript-eslint/no-unused-vars
  221:14  error  'e' is defined but never used                        @typescript-eslint/no-unused-vars

/home/ubuntu/hms_repo/src/components/ipd/IPDPatientList.tsx
  11:3  error  'Badge' is defined but never used  @typescript-eslint/no-unused-vars

/home/ubuntu/hms_repo/src/components/ipd/IPDPharmacyIntegration.tsx
   52:9   error  'router' is assigned a value but never used  @typescript-eslint/no-unused-vars
  208:14  error  'e' is defined but never used                @typescript-eslint/no-unused-vars

/home/ubuntu/hms_repo/src/components/ipd/MedicationAdministration.tsx
   19:3   error  'Textarea' is defined but never used  @typescript-eslint/no-unused-vars
  274:14  error  'e' is defined but never used         @typescript-eslint/no-unused-vars

/home/ubuntu/hms_repo/src/components/ipd/NursingNotes.tsx
   13:3   error  'TableHeader' is defined but never used                  @typescript-eslint/no-unused-vars
   15:3   error  'TableHead' is defined but never used                    @typescript-eslint/no-unused-vars
   18:3   error  'Badge' is defined but never used                        @typescript-eslint/no-unused-vars
  182:9   error  'parsedVitalSigns' is assigned a value but never used    @typescript-eslint/no-unused-vars
  183:16  error  'err' is defined but never used                          @typescript-eslint/no-unused-vars
  187:9   error  'parsedIntakeOutput' is assigned a value but never used  @typescript-eslint/no-unused-vars
  188:16  error  'err' is defined but never used                          @typescript-eslint/no-unused-vars
  269:14  error  'e' is defined but never used                            @typescript-eslint/no-unused-vars

/home/ubuntu/hms_repo/src/components/ipd/PatientProgressNotes.tsx
   53:11  error  'ApiErrorResponse' is defined but never used                      @typescript-eslint/no-unused-vars
   58:11  error  An interface declaring no members is equivalent to its supertype  @typescript-eslint/no-empty-object-type
  285:14  error  'e' is defined but never used                                     @typescript-eslint/no-unused-vars

/home/ubuntu/hms_repo/src/components/ipd/VitalSigns.tsx
   60:11  error  'ApiErrorResponse' is defined but never used                      @typescript-eslint/no-unused-vars
   65:11  error  An interface declaring no members is equivalent to its supertype  @typescript-eslint/no-empty-object-type
  263:14  error  'e' is defined but never used                                     @typescript-eslint/no-unused-vars

/home/ubuntu/hms_repo/src/components/laboratory/OrderManagement.tsx
    2:31  error    'Input' is defined but never used                                                                               @typescript-eslint/no-unused-vars
    2:68  error    'Form' is defined but never used                                                                                @typescript-eslint/no-unused-vars
    3:15  error    'DatePickerProps' is defined but never used                                                                     @typescript-eslint/no-unused-vars
    4:10  error    'PlusOutlined' is defined but never used                                                                        @typescript-eslint/no-unused-vars
    4:24  error    'SearchOutlined' is defined but never used                                                                      @typescript-eslint/no-unused-vars
   84:10  error    'tests' is assigned a value but never used                                                                      @typescript-eslint/no-unused-vars
  100:18  error    'jsonError' is defined but never used                                                                           @typescript-eslint/no-unused-vars
  128:18  error    'jsonError' is defined but never used                                                                           @typescript-eslint/no-unused-vars
  179:18  error    'jsonError' is defined but never used                                                                           @typescript-eslint/no-unused-vars
  206:18  error    'jsonError' is defined but never used                                                                           @typescript-eslint/no-unused-vars
  213:13  error    'messageText' is assigned a value but never used                                                                @typescript-eslint/no-unused-vars
  231:6   warning  React Hook useEffect has a missing dependency: 'fetchOrders'. Either include it or remove the dependency array  react-hooks/exhaustive-deps
  234:62  warning  Unexpected any. Specify a different type                                                                        @typescript-eslint/no-explicit-any
  324:19  warning  Unexpected any. Specify a different type                                                                        @typescript-eslint/no-explicit-any
  375:51  warning  Unexpected any. Specify a different type                                                                        @typescript-eslint/no-explicit-any

/home/ubuntu/hms_repo/src/components/laboratory/ResultManagement.tsx
    3:55  error    'CloseOutlined' is defined but never used                                                                        @typescript-eslint/no-unused-vars
    4:8   error    'dayjs' is defined but never used                                                                                @typescript-eslint/no-unused-vars
    5:15  error    'Dayjs' is defined but never used                                                                                @typescript-eslint/no-unused-vars
    8:9   error    'TabPane' is assigned a value but never used                                                                     @typescript-eslint/no-unused-vars
   97:10  error    'orderItems' is assigned a value but never used                                                                  @typescript-eslint/no-unused-vars
  121:18  error    'jsonError' is defined but never used                                                                            @typescript-eslint/no-unused-vars
  158:18  error    'jsonError' is defined but never used                                                                            @typescript-eslint/no-unused-vars
  172:9   error    'fetchOrderItems' is assigned a value but never used                                                             @typescript-eslint/no-unused-vars
  180:18  error    'jsonError' is defined but never used                                                                            @typescript-eslint/no-unused-vars
  202:18  error    'jsonError' is defined but never used                                                                            @typescript-eslint/no-unused-vars
  219:6   warning  React Hook useEffect has a missing dependency: 'fetchResults'. Either include it or remove the dependency array  react-hooks/exhaustive-deps
  224:6   warning  React Hook useEffect has a missing dependency: 'fetchResults'. Either include it or remove the dependency array  react-hooks/exhaustive-deps
  247:18  error    'jsonError' is defined but never used                                                                            @typescript-eslint/no-unused-vars
  283:18  error    'jsonError' is defined but never used                                                                            @typescript-eslint/no-unused-vars
  318:18  error    'jsonError' is defined but never used                                                                            @typescript-eslint/no-unused-vars
  332:9   error    'showResultEntryModal' is assigned a value but never used                                                        @typescript-eslint/no-unused-vars
  388:19  warning  Unexpected any. Specify a different type                                                                         @typescript-eslint/no-explicit-any
  397:19  warning  Unexpected any. Specify a different type                                                                         @typescript-eslint/no-explicit-any
  418:19  warning  Unexpected any. Specify a different type                                                                         @typescript-eslint/no-explicit-any

/home/ubuntu/hms_repo/src/components/laboratory/SampleManagement.tsx
   12:3   error    'Upload' is defined but never used                                                                               @typescript-eslint/no-unused-vars
   16:10  error    'PlusOutlined' is defined but never used                                                                         @typescript-eslint/no-unused-vars
   19:15  error    'FormInstance' is defined but never used                                                                         @typescript-eslint/no-unused-vars
  116:6   warning  React Hook useEffect has a missing dependency: 'fetchSamples'. Either include it or remove the dependency array  react-hooks/exhaustive-deps
  129:37  error    'values' is defined but never used                                                                               @typescript-eslint/no-unused-vars

/home/ubuntu/hms_repo/src/components/laboratory/TestCatalogManagement.tsx
    5:42  error  'SortOrder' is defined but never used  @typescript-eslint/no-unused-vars
   92:18  error  'jsonError' is defined but never used  @typescript-eslint/no-unused-vars
  137:18  error  'jsonError' is defined but never used  @typescript-eslint/no-unused-vars
  246:18  error  'jsonError' is defined but never used  @typescript-eslint/no-unused-vars

/home/ubuntu/hms_repo/src/components/opd/OPDAppointmentList.tsx
  112:20  error  'jsonError' is defined but never used  @typescript-eslint/no-unused-vars
  150:18  error  'jsonError' is defined but never used  @typescript-eslint/no-unused-vars
  180:18  error  'jsonError' is defined but never used  @typescript-eslint/no-unused-vars

/home/ubuntu/hms_repo/src/components/opd/OPDConsultationForm.tsx
  163:20  error  'jsonError' is defined but never used             @typescript-eslint/no-unused-vars
  176:15  error  'messageText' is assigned a value but never used  @typescript-eslint/no-unused-vars
  212:18  error  'jsonError' is defined but never used             @typescript-eslint/no-unused-vars
  221:13  error  'messageText' is assigned a value but never used  @typescript-eslint/no-unused-vars
  260:18  error  'jsonError' is defined but never used             @typescript-eslint/no-unused-vars
  276:13  error  'messageText' is assigned a value but never used  @typescript-eslint/no-unused-vars

/home/ubuntu/hms_repo/src/components/opd/OPDPatientQueue.tsx
    5:8   error  'Image' is defined but never used      @typescript-eslint/no-unused-vars
  103:20  error  'jsonError' is defined but never used  @typescript-eslint/no-unused-vars
  144:18  error  'jsonError' is defined but never used  @typescript-eslint/no-unused-vars
  174:18  error  'jsonError' is defined but never used  @typescript-eslint/no-unused-vars

/home/ubuntu/hms_repo/src/components/opd/OPDPharmacyIntegration.tsx
   65:9   error    'router' is assigned a value but never used                                                                             @typescript-eslint/no-unused-vars
  174:6   warning  React Hook useEffect has a missing dependency: 'formData.patient_id'. Either include it or remove the dependency array  react-hooks/exhaustive-deps
  199:28  warning  Unexpected any. Specify a different type                                                                                @typescript-eslint/no-explicit-any

/home/ubuntu/hms_repo/src/components/opd/OPDStatistics.tsx
   6:10  error  'Card' is defined but never used         @typescript-eslint/no-unused-vars
   6:16  error  'CardContent' is defined but never used  @typescript-eslint/no-unused-vars
   6:29  error  'CardHeader' is defined but never used   @typescript-eslint/no-unused-vars
   6:41  error  'CardTitle' is defined but never used    @typescript-eslint/no-unused-vars
  52:20  error  'jsonError' is defined but never used    @typescript-eslint/no-unused-vars

/home/ubuntu/hms_repo/src/components/ot/OTBillingItems.tsx
  28:6   error  'BillingItemsApiResponse' is defined but never used  @typescript-eslint/no-unused-vars
  33:11  error  'ApiErrorResponse' is defined but never used         @typescript-eslint/no-unused-vars

/home/ubuntu/hms_repo/src/components/ot/OTBookingList.tsx
  110:21  warning  Unexpected any. Specify a different type  @typescript-eslint/no-explicit-any

/home/ubuntu/hms_repo/src/components/ot/OTBookingModal.tsx
   15:13  warning  Unexpected any. Specify a different type  @typescript-eslint/no-explicit-any
   16:25  warning  Unexpected any. Specify a different type  @typescript-eslint/no-explicit-any
  133:21  warning  Unexpected any. Specify a different type  @typescript-eslint/no-explicit-any

/home/ubuntu/hms_repo/src/components/ot/OTChecklistTemplateList.tsx
   8:24  error    'ListChecks' is defined but never used    @typescript-eslint/no-unused-vars
  88:21  warning  Unexpected any. Specify a different type  @typescript-eslint/no-explicit-any

/home/ubuntu/hms_repo/src/components/ot/OTChecklistTemplateModal.tsx
    9:10  error    'Textarea' is defined but never used      @typescript-eslint/no-unused-vars
   16:14  warning  Unexpected any. Specify a different type  @typescript-eslint/no-explicit-any
   17:26  warning  Unexpected any. Specify a different type  @typescript-eslint/no-explicit-any
  116:21  warning  Unexpected any. Specify a different type  @typescript-eslint/no-explicit-any

/home/ubuntu/hms_repo/src/components/ot/OTDashboardStats.tsx
  6:27  error  'Users' is defined but never used  @typescript-eslint/no-unused-vars

/home/ubuntu/hms_repo/src/components/ot/OTPatientSurgeries.tsx
  8:20  error  'Clock' is defined but never used     @typescript-eslint/no-unused-vars
  8:27  error  'User' is defined but never used      @typescript-eslint/no-unused-vars
  8:33  error  'FileText' is defined but never used  @typescript-eslint/no-unused-vars

/home/ubuntu/hms_repo/src/components/ot/OTRecordModal.tsx
   18:20  warning  Unexpected any. Specify a different type  @typescript-eslint/no-explicit-any
   19:24  warning  Unexpected any. Specify a different type  @typescript-eslint/no-explicit-any
  143:21  warning  Unexpected any. Specify a different type  @typescript-eslint/no-explicit-any

/home/ubuntu/hms_repo/src/components/ot/OTStaffAssignment.tsx
   11:37  error    'Search' is defined but never used                                                                                   @typescript-eslint/no-unused-vars
   45:26  error    'setAvailableUsers' is assigned a value but never used                                                               @typescript-eslint/no-unused-vars
   75:19  warning  Unexpected any. Specify a different type                                                                             @typescript-eslint/no-explicit-any
   79:6   warning  React Hook useCallback has an unnecessary dependency: 'bookingId'. Either exclude it or remove the dependency array  react-hooks/exhaustive-deps
   98:13  error    'assignmentData' is assigned a value but never used                                                                  @typescript-eslint/no-unused-vars
  129:21  warning  Unexpected any. Specify a different type                                                                             @typescript-eslint/no-explicit-any
  154:21  warning  Unexpected any. Specify a different type                                                                             @typescript-eslint/no-explicit-any

/home/ubuntu/hms_repo/src/components/ot/OTSurgeryTypeList.tsx
  77:21  warning  Unexpected any. Specify a different type  @typescript-eslint/no-explicit-any

/home/ubuntu/hms_repo/src/components/ot/OTSurgeryTypeModal.tsx
   14:17  warning  Unexpected any. Specify a different type  @typescript-eslint/no-explicit-any
   15:29  warning  Unexpected any. Specify a different type  @typescript-eslint/no-explicit-any
  109:21  warning  Unexpected any. Specify a different type  @typescript-eslint/no-explicit-any

/home/ubuntu/hms_repo/src/components/ot/OTTheatreList.tsx
  78:21  warning  Unexpected any. Specify a different type  @typescript-eslint/no-explicit-any

/home/ubuntu/hms_repo/src/components/ot/OTTheatreModal.tsx
  15:13  warning  Unexpected any. Specify a different type  @typescript-eslint/no-explicit-any
  16:25  warning  Unexpected any. Specify a different type  @typescript-eslint/no-explicit-any
  86:21  warning  Unexpected any. Specify a different type  @typescript-eslint/no-explicit-any

/home/ubuntu/hms_repo/src/components/pharmacy/BillingPharmacyIntegration.tsx
   54:9   error  'router' is assigned a value but never used  @typescript-eslint/no-unused-vars
  162:18  error  'jsonError' is defined but never used        @typescript-eslint/no-unused-vars

/home/ubuntu/hms_repo/src/components/pharmacy/IPDPharmacyIntegration.tsx
   52:9   error  'router' is assigned a value but never used  @typescript-eslint/no-unused-vars
  208:14  error  'e' is defined but never used                @typescript-eslint/no-unused-vars

/home/ubuntu/hms_repo/src/components/pharmacy/OPDPharmacyIntegration.tsx
   66:9   error    'router' is assigned a value but never used  @typescript-eslint/no-unused-vars
  185:32  warning  Unexpected any. Specify a different type     @typescript-eslint/no-explicit-any

/home/ubuntu/hms_repo/src/components/radiology/CreateModalityModal.tsx
  26:47  error  'isOpen' is defined but never used  @typescript-eslint/no-unused-vars

/home/ubuntu/hms_repo/src/components/radiology/CreateRadiologyOrderModal.tsx
  6:10  error  'Input' is defined but never used  @typescript-eslint/no-unused-vars

/home/ubuntu/hms_repo/src/components/radiology/RadiologyOrderDetail.tsx
   8:30  error    'Edit' is defined but never used                                                                                      @typescript-eslint/no-unused-vars
   8:54  error    'Eye' is defined but never used                                                                                       @typescript-eslint/no-unused-vars
  49:6   warning  React Hook useEffect has a missing dependency: 'fetchOrderDetails'. Either include it or remove the dependency array  react-hooks/exhaustive-deps

/home/ubuntu/hms_repo/src/components/radiology/RadiologyOrderList.tsx
  36:6   warning  React Hook useEffect has a missing dependency: 'fetchOrders'. Either include it or remove the dependency array  react-hooks/exhaustive-deps
  83:18  error    'jsonError' is defined but never used                                                                           @typescript-eslint/no-unused-vars

/home/ubuntu/hms_repo/src/components/radiology/RadiologyReportDetail.tsx
   59:10  error    'showEditModal' is assigned a value but never used                                                                     @typescript-eslint/no-unused-vars
   65:6   warning  React Hook useEffect has a missing dependency: 'fetchReportDetails'. Either include it or remove the dependency array  react-hooks/exhaustive-deps
  151:9   error    'handleUpdateReport' is assigned a value but never used                                                                @typescript-eslint/no-unused-vars

/home/ubuntu/hms_repo/src/components/radiology/RadiologySettings.tsx
   54:18  error  'jsonError' is defined but never used  @typescript-eslint/no-unused-vars
   79:18  error  'jsonError' is defined but never used  @typescript-eslint/no-unused-vars
  109:18  error  'jsonError' is defined but never used  @typescript-eslint/no-unused-vars
  138:18  error  'jsonError' is defined but never used  @typescript-eslint/no-unused-vars

/home/ubuntu/hms_repo/src/components/radiology/RadiologyStudyDetail.tsx
    8:30  error    'Edit' is defined but never used                                                                                      @typescript-eslint/no-unused-vars
    8:36  error    'Trash2' is defined but never used                                                                                    @typescript-eslint/no-unused-vars
   30:11  error    'ReportData' is defined but never used                                                                                @typescript-eslint/no-unused-vars
   56:6   warning  React Hook useEffect has a missing dependency: 'fetchStudyDetails'. Either include it or remove the dependency array  react-hooks/exhaustive-deps
  140:18  error    'jsonError' is defined but never used                                                                                 @typescript-eslint/no-unused-vars

/home/ubuntu/hms_repo/src/components/ui/calendar.tsx
  4:10  error  'ChevronLeft' is defined but never used   @typescript-eslint/no-unused-vars
  4:23  error  'ChevronRight' is defined but never used  @typescript-eslint/no-unused-vars

/home/ubuntu/hms_repo/src/components/ui/command.tsx
  26:11  error  An interface declaring no members is equivalent to its supertype  @typescript-eslint/no-empty-object-type

/home/ubuntu/hms_repo/src/components/ui/input.tsx
  7:18  error  An interface declaring no members is equivalent to its supertype  @typescript-eslint/no-empty-object-type

/home/ubuntu/hms_repo/src/components/ui/textarea.tsx
  7:18  error  An interface declaring no members is equivalent to its supertype  @typescript-eslint/no-empty-object-type

/home/ubuntu/hms_repo/src/components/ui/toast.tsx
  14:42  warning  Unexpected any. Specify a different type      @typescript-eslint/no-explicit-any
  15:47  warning  Unexpected any. Specify a different type      @typescript-eslint/no-explicit-any
  16:46  warning  Unexpected any. Specify a different type      @typescript-eslint/no-explicit-any
  17:43  warning  Unexpected any. Specify a different type      @typescript-eslint/no-explicit-any
  18:49  warning  Unexpected any. Specify a different type      @typescript-eslint/no-explicit-any
  19:13  error    Component definition is missing display name  react/display-name
  19:48  warning  Unexpected any. Specify a different type      @typescript-eslint/no-explicit-any

/home/ubuntu/hms_repo/src/components/ui/use-toast.tsx
  16:7  error  'actionTypes' is assigned a value but only used as a type  @typescript-eslint/no-unused-vars

/home/ubuntu/hms_repo/src/lib/auth.ts
  31:37  error  'req' is defined but never used           @typescript-eslint/no-unused-vars
  31:55  error  'allowedRoles' is defined but never used  @typescript-eslint/no-unused-vars
  38:38  error  'req' is defined but never used           @typescript-eslint/no-unused-vars
  81:38  error  'password' is defined but never used      @typescript-eslint/no-unused-vars
  81:56  error  'hash' is defined but never used          @typescript-eslint/no-unused-vars
  88:27  error  'payload' is defined but never used       @typescript-eslint/no-unused-vars

/home/ubuntu/hms_repo/src/lib/db.ts
   7:20  warning  Unexpected any. Specify a different type  @typescript-eslint/no-explicit-any
   9:23  warning  Unexpected any. Specify a different type  @typescript-eslint/no-explicit-any
  51:41  warning  Unexpected any. Specify a different type  @typescript-eslint/no-explicit-any
  67:41  warning  Unexpected any. Specify a different type  @typescript-eslint/no-explicit-any
  81:39  warning  Unexpected any. Specify a different type  @typescript-eslint/no-explicit-any
  95:39  warning  Unexpected any. Specify a different type  @typescript-eslint/no-explicit-any

/home/ubuntu/hms_repo/src/lib/ipd.ts
  16:18  warning  Unexpected any. Specify a different type  @typescript-eslint/no-explicit-any

/home/ubuntu/hms_repo/tailwind.config.ts
  77:13  error  A `require()` style import is forbidden  @typescript-eslint/no-require-imports

✖ 417 problems (245 errors, 172 warnings)
  14 errors and 0 warnings potentially fixable with the `--fix` option.

