src/app/laboratory/ResultManagement.tsx(455,6): error TS17008: JSX element 'div' has no corresponding closing tag.
src/app/laboratory/ResultManagement.tsx(456,8): error TS17008: JSX element 'Card' has no corresponding closing tag.
src/app/laboratory/ResultManagement.tsx(471,10): error TS17008: JSX element 'div' has no corresponding closing tag.
src/app/laboratory/ResultManagement.tsx(504,10): error TS1005: ',' expected.
src/app/laboratory/ResultManagement.tsx(504,20): error TS1005: ',' expected.
src/app/laboratory/ResultManagement.tsx(504,24): error TS1005: ',' expected.
src/app/laboratory/ResultManagement.tsx(504,27): error TS1005: ',' expected.
src/app/laboratory/ResultManagement.tsx(504,32): error TS1005: ',' expected.
src/app/laboratory/ResultManagement.tsx(504,43): error TS1005: ',' expected.
src/app/laboratory/ResultManagement.tsx(504,48): error TS1005: ',' expected.
src/app/laboratory/ResultManagement.tsx(504,55): error TS1005: ',' expected.
src/app/laboratory/ResultManagement.tsx(504,58): error TS1005: ',' expected.
src/app/laboratory/ResultManagement.tsx(504,73): error TS1005: '</' expected.
src/app/laboratory/ResultManagement.tsx(504,73): error TS1005: '}' expected.
src/app/laboratory/SampleManagement.tsx(326,6): error TS17008: JSX element 'div' has no corresponding closing tag.
src/app/laboratory/SampleManagement.tsx(413,8): error TS17008: JSX element 'Modal' has no corresponding closing tag.
src/app/laboratory/SampleManagement.tsx(420,10): error TS17008: JSX element 'Form' has no corresponding closing tag.
src/app/laboratory/SampleManagement.tsx(435,12): error TS17008: JSX element 'Form.Item' has no corresponding closing tag.
src/app/laboratory/SampleManagement.tsx(440,14): error TS17008: JSX element 'Select' has no corresponding closing tag.
src/app/laboratory/SampleManagement.tsx(449,1): error TS1003: Identifier expected.
src/app/laboratory/SampleManagement.tsx(449,73): error TS1005: '</' expected.
src/app/opd/page.tsx(186,6): error TS17008: JSX element 'div' has no corresponding closing tag.
src/app/opd/page.tsx(209,8): error TS17008: JSX element 'div' has no corresponding closing tag.
src/app/opd/page.tsx(210,10): error TS17008: JSX element 'form' has no corresponding closing tag.
src/app/opd/page.tsx(434,12): error TS17008: JSX element 'div' has no corresponding closing tag.
src/app/opd/page.tsx(446,1): error TS1003: Identifier expected.
src/app/opd/page.tsx(446,73): error TS1005: '</' expected.
src/components/opd/OPDPharmacyIntegration.tsx(287,6): error TS17008: JSX element 'div' has no corresponding closing tag.
src/components/opd/OPDPharmacyIntegration.tsx(311,8): error TS17008: JSX element 'div' has no corresponding closing tag.
src/components/opd/OPDPharmacyIntegration.tsx(312,10): error TS17008: JSX element 'form' has no corresponding closing tag.
src/components/opd/OPDPharmacyIntegration.tsx(334,14): error TS17008: JSX element 'div' has no corresponding closing tag.
src/components/opd/OPDPharmacyIntegration.tsx(336,16): error TS17008: JSX element 'div' has no corresponding closing tag.
src/components/opd/OPDPharmacyIntegration.tsx(337,18): error TS17008: JSX element 'table' has no corresponding closing tag.
src/components/opd/OPDPharmacyIntegration.tsx(349,20): error TS17008: JSX element 'tbody' has no corresponding closing tag.
src/components/opd/OPDPharmacyIntegration.tsx(351,24): error TS17008: JSX element 'tr' has no corresponding closing tag.
src/components/opd/OPDPharmacyIntegration.tsx(389,26): error TS17008: JSX element 'td' has no corresponding closing tag.
src/components/opd/OPDPharmacyIntegration.tsx(396,1): error TS1003: Identifier expected.
src/components/opd/OPDPharmacyIntegration.tsx(396,73): error TS1005: '</' expected.
src/components/opd/ResultManagement.tsx(455,6): error TS17008: JSX element 'div' has no corresponding closing tag.
src/components/opd/ResultManagement.tsx(456,8): error TS17008: JSX element 'Card' has no corresponding closing tag.
src/components/opd/ResultManagement.tsx(471,10): error TS17008: JSX element 'div' has no corresponding closing tag.
src/components/opd/ResultManagement.tsx(504,10): error TS1005: ',' expected.
src/components/opd/ResultManagement.tsx(504,20): error TS1005: ',' expected.
src/components/opd/ResultManagement.tsx(504,24): error TS1005: ',' expected.
src/components/opd/ResultManagement.tsx(504,27): error TS1005: ',' expected.
src/components/opd/ResultManagement.tsx(504,32): error TS1005: ',' expected.
src/components/opd/ResultManagement.tsx(504,43): error TS1005: ',' expected.
src/components/opd/ResultManagement.tsx(504,48): error TS1005: ',' expected.
src/components/opd/ResultManagement.tsx(504,55): error TS1005: ',' expected.
src/components/opd/ResultManagement.tsx(504,58): error TS1005: ',' expected.
src/components/opd/ResultManagement.tsx(504,73): error TS1005: '</' expected.
src/components/opd/ResultManagement.tsx(504,73): error TS1005: '}' expected.
src/components/opd/SampleManagement.tsx(326,6): error TS17008: JSX element 'div' has no corresponding closing tag.
src/components/opd/SampleManagement.tsx(413,8): error TS17008: JSX element 'Modal' has no corresponding closing tag.
src/components/opd/SampleManagement.tsx(420,10): error TS17008: JSX element 'Form' has no corresponding closing tag.
src/components/opd/SampleManagement.tsx(435,12): error TS17008: JSX element 'Form.Item' has no corresponding closing tag.
src/components/opd/SampleManagement.tsx(440,14): error TS17008: JSX element 'Select' has no corresponding closing tag.
src/components/opd/SampleManagement.tsx(449,1): error TS1003: Identifier expected.
src/components/opd/SampleManagement.tsx(449,73): error TS1005: '</' expected.
src/components/opd/page.tsx(186,6): error TS17008: JSX element 'div' has no corresponding closing tag.
src/components/opd/page.tsx(209,8): error TS17008: JSX element 'div' has no corresponding closing tag.
src/components/opd/page.tsx(210,10): error TS17008: JSX element 'form' has no corresponding closing tag.
src/components/opd/page.tsx(434,12): error TS17008: JSX element 'div' has no corresponding closing tag.
src/components/opd/page.tsx(446,1): error TS1003: Identifier expected.
src/components/opd/page.tsx(446,73): error TS1005: '</' expected.
